2025-04-21T15:25:52.614+05:30  INFO 23056 --- [HEALTHCARE] [restartedMain] c.c.healthcare.HealthcareApplication     : Starting HealthcareApplication using Java 21.0.4 with PID 23056 (C:\Users\2395708\OneDrive - Cognizant\Documents\HEALTHCAREMANAGEMENT\target\classes started by 2395708 in C:\Users\2395708\OneDrive - Cognizant\Documents\HEALTHCAREMANAGEMENT)
2025-04-21T15:25:52.615+05:30  INFO 23056 --- [HEALTHCARE] [restartedMain] c.c.healthcare.HealthcareApplication     : No active profile set, falling back to 1 default profile: "default"
2025-04-21T15:25:52.916+05:30  INFO 23056 --- [HEALTHCARE] [restartedMain] .s.d.r.c.RepositoryConfigurationDelegate : Bootstrapping Spring Data JPA repositories in DEFAULT mode.
2025-04-21T15:25:52.954+05:30  INFO 23056 --- [HEALTHCARE] [restartedMain] .s.d.r.c.RepositoryConfigurationDelegate : Finished Spring Data repository scanning in 35 ms. Found 6 JPA repository interfaces.
2025-04-21T15:25:53.212+05:30  INFO 23056 --- [HEALTHCARE] [restartedMain] o.s.b.w.embedded.tomcat.TomcatWebServer  : Tomcat initialized with port 8098 (http)
2025-04-21T15:25:53.214+05:30  INFO 23056 --- [HEALTHCARE] [restartedMain] o.apache.catalina.core.StandardService   : Starting service [Tomcat]
2025-04-21T15:25:53.214+05:30  INFO 23056 --- [HEALTHCARE] [restartedMain] o.apache.catalina.core.StandardEngine    : Starting Servlet engine: [Apache Tomcat/10.1.39]
2025-04-21T15:25:53.262+05:30  INFO 23056 --- [HEALTHCARE] [restartedMain] o.a.c.c.C.[Tomcat].[localhost].[/]       : Initializing Spring embedded WebApplicationContext
2025-04-21T15:25:53.262+05:30  INFO 23056 --- [HEALTHCARE] [restartedMain] w.s.c.ServletWebServerApplicationContext : Root WebApplicationContext: initialization completed in 642 ms
2025-04-21T15:25:53.541+05:30  INFO 23056 --- [HEALTHCARE] [restartedMain] o.hibernate.jpa.internal.util.LogHelper  : HHH000204: Processing PersistenceUnitInfo [name: default]
2025-04-21T15:25:53.553+05:30  INFO 23056 --- [HEALTHCARE] [restartedMain] o.h.c.internal.RegionFactoryInitiator    : HHH000026: Second-level cache disabled
2025-04-21T15:25:53.600+05:30  INFO 23056 --- [HEALTHCARE] [restartedMain] o.s.o.j.p.SpringPersistenceUnitInfo      : No LoadTimeWeaver setup: ignoring JPA class transformer
2025-04-21T15:25:53.603+05:30  INFO 23056 --- [HEALTHCARE] [restartedMain] com.zaxxer.hikari.HikariDataSource       : HikariPool-5 - Starting...
2025-04-21T15:25:53.646+05:30  INFO 23056 --- [HEALTHCARE] [restartedMain] com.zaxxer.hikari.pool.HikariPool        : HikariPool-5 - Added connection com.mysql.cj.jdbc.ConnectionImpl@3ad07137
2025-04-21T15:25:53.647+05:30  INFO 23056 --- [HEALTHCARE] [restartedMain] com.zaxxer.hikari.HikariDataSource       : HikariPool-5 - Start completed.
2025-04-21T15:25:53.650+05:30  INFO 23056 --- [HEALTHCARE] [restartedMain] org.hibernate.orm.connections.pooling    : HHH10001005: Database info:
	Database JDBC URL [Connecting through datasource 'HikariDataSource (HikariPool-5)']
	Database driver: undefined/unknown
	Database version: 8.0.41
	Autocommit mode: undefined/unknown
	Isolation level: undefined/unknown
	Minimum pool size: undefined/unknown
	Maximum pool size: undefined/unknown
2025-04-21T15:25:54.035+05:30  INFO 23056 --- [HEALTHCARE] [restartedMain] o.h.e.t.j.p.i.JtaPlatformInitiator       : HHH000489: No JTA platform available (set 'hibernate.transaction.jta.platform' to enable JTA platform integration)
2025-04-21T15:25:54.142+05:30  INFO 23056 --- [HEALTHCARE] [restartedMain] j.LocalContainerEntityManagerFactoryBean : Initialized JPA EntityManagerFactory for persistence unit 'default'
2025-04-21T15:25:55.870+05:30  INFO 23056 --- [HEALTHCARE] [restartedMain] r$InitializeUserDetailsManagerConfigurer : Global AuthenticationManager configured with UserDetailsService bean with name myUserDetailsService
2025-04-21T15:25:55.952+05:30  WARN 23056 --- [HEALTHCARE] [restartedMain] JpaBaseConfiguration$JpaWebConfiguration : spring.jpa.open-in-view is enabled by default. Therefore, database queries may be performed during view rendering. Explicitly configure spring.jpa.open-in-view to disable this warning
2025-04-21T15:25:57.418+05:30  INFO 23056 --- [HEALTHCARE] [restartedMain] o.s.b.d.a.OptionalLiveReloadServer       : LiveReload server is running on port 35729
2025-04-21T15:25:57.454+05:30  INFO 23056 --- [HEALTHCARE] [restartedMain] o.s.b.w.embedded.tomcat.TomcatWebServer  : Tomcat started on port 8098 (http) with context path '/'
2025-04-21T15:25:57.460+05:30  INFO 23056 --- [HEALTHCARE] [restartedMain] c.c.healthcare.HealthcareApplication     : Started HealthcareApplication in 4.924 seconds (process running for 642.886)
2025-04-21T15:25:57.462+05:30  INFO 23056 --- [HEALTHCARE] [restartedMain] .ConditionEvaluationDeltaLoggingListener : Condition evaluation unchanged
2025-04-21T15:26:23.983+05:30  INFO 18056 --- [HEALTHCARE] [restartedMain] c.c.healthcare.HealthcareApplication     : Starting HealthcareApplication using Java 21.0.4 with PID 18056 (C:\Users\2395708\OneDrive - Cognizant\Documents\HEALTHCAREMANAGEMENT\target\classes started by 2395708 in C:\Users\2395708\OneDrive - Cognizant\Documents\HEALTHCAREMANAGEMENT)
2025-04-21T15:26:23.988+05:30  INFO 18056 --- [HEALTHCARE] [restartedMain] c.c.healthcare.HealthcareApplication     : No active profile set, falling back to 1 default profile: "default"
2025-04-21T15:26:24.113+05:30  INFO 18056 --- [HEALTHCARE] [restartedMain] .e.DevToolsPropertyDefaultsPostProcessor : Devtools property defaults active! Set 'spring.devtools.add-properties' to 'false' to disable
2025-04-21T15:26:24.114+05:30  INFO 18056 --- [HEALTHCARE] [restartedMain] .e.DevToolsPropertyDefaultsPostProcessor : For additional web related logging consider setting the 'logging.level.web' property to 'DEBUG'
2025-04-21T15:26:25.343+05:30  INFO 18056 --- [HEALTHCARE] [restartedMain] .s.d.r.c.RepositoryConfigurationDelegate : Bootstrapping Spring Data JPA repositories in DEFAULT mode.
2025-04-21T15:26:25.481+05:30  INFO 18056 --- [HEALTHCARE] [restartedMain] .s.d.r.c.RepositoryConfigurationDelegate : Finished Spring Data repository scanning in 120 ms. Found 6 JPA repository interfaces.
2025-04-21T15:26:27.165+05:30  INFO 18056 --- [HEALTHCARE] [restartedMain] o.s.b.w.embedded.tomcat.TomcatWebServer  : Tomcat initialized with port 8098 (http)
2025-04-21T15:26:27.211+05:30  INFO 18056 --- [HEALTHCARE] [restartedMain] o.apache.catalina.core.StandardService   : Starting service [Tomcat]
2025-04-21T15:26:27.212+05:30  INFO 18056 --- [HEALTHCARE] [restartedMain] o.apache.catalina.core.StandardEngine    : Starting Servlet engine: [Apache Tomcat/10.1.39]
2025-04-21T15:26:27.411+05:30  INFO 18056 --- [HEALTHCARE] [restartedMain] o.a.c.c.C.[Tomcat].[localhost].[/]       : Initializing Spring embedded WebApplicationContext
2025-04-21T15:26:27.412+05:30  INFO 18056 --- [HEALTHCARE] [restartedMain] w.s.c.ServletWebServerApplicationContext : Root WebApplicationContext: initialization completed in 3296 ms
2025-04-21T15:26:28.081+05:30  INFO 18056 --- [HEALTHCARE] [restartedMain] o.hibernate.jpa.internal.util.LogHelper  : HHH000204: Processing PersistenceUnitInfo [name: default]
2025-04-21T15:26:28.295+05:30  INFO 18056 --- [HEALTHCARE] [restartedMain] org.hibernate.Version                    : HHH000412: Hibernate ORM core version 6.6.11.Final
2025-04-21T15:26:28.443+05:30  INFO 18056 --- [HEALTHCARE] [restartedMain] o.h.c.internal.RegionFactoryInitiator    : HHH000026: Second-level cache disabled
2025-04-21T15:26:29.323+05:30  INFO 18056 --- [HEALTHCARE] [restartedMain] o.s.o.j.p.SpringPersistenceUnitInfo      : No LoadTimeWeaver setup: ignoring JPA class transformer
2025-04-21T15:26:29.447+05:30  INFO 18056 --- [HEALTHCARE] [restartedMain] com.zaxxer.hikari.HikariDataSource       : HikariPool-1 - Starting...
2025-04-21T15:26:30.166+05:30  INFO 18056 --- [HEALTHCARE] [restartedMain] com.zaxxer.hikari.pool.HikariPool        : HikariPool-1 - Added connection com.mysql.cj.jdbc.ConnectionImpl@77e1d9ef
2025-04-21T15:26:30.169+05:30  INFO 18056 --- [HEALTHCARE] [restartedMain] com.zaxxer.hikari.HikariDataSource       : HikariPool-1 - Start completed.
2025-04-21T15:26:30.332+05:30  INFO 18056 --- [HEALTHCARE] [restartedMain] org.hibernate.orm.connections.pooling    : HHH10001005: Database info:
	Database JDBC URL [Connecting through datasource 'HikariDataSource (HikariPool-1)']
	Database driver: undefined/unknown
	Database version: 8.0.41
	Autocommit mode: undefined/unknown
	Isolation level: undefined/unknown
	Minimum pool size: undefined/unknown
	Maximum pool size: undefined/unknown
2025-04-21T15:26:31.951+05:30  INFO 18056 --- [HEALTHCARE] [restartedMain] o.h.e.t.j.p.i.JtaPlatformInitiator       : HHH000489: No JTA platform available (set 'hibernate.transaction.jta.platform' to enable JTA platform integration)
2025-04-21T15:26:32.150+05:30  INFO 18056 --- [HEALTHCARE] [restartedMain] j.LocalContainerEntityManagerFactoryBean : Initialized JPA EntityManagerFactory for persistence unit 'default'
2025-04-21T15:26:34.276+05:30  INFO 18056 --- [HEALTHCARE] [restartedMain] r$InitializeUserDetailsManagerConfigurer : Global AuthenticationManager configured with UserDetailsService bean with name myUserDetailsService
2025-04-21T15:26:34.402+05:30  WARN 18056 --- [HEALTHCARE] [restartedMain] JpaBaseConfiguration$JpaWebConfiguration : spring.jpa.open-in-view is enabled by default. Therefore, database queries may be performed during view rendering. Explicitly configure spring.jpa.open-in-view to disable this warning
2025-04-21T15:26:36.449+05:30  WARN 18056 --- [HEALTHCARE] [restartedMain] o.s.b.d.a.OptionalLiveReloadServer       : Unable to start LiveReload server
2025-04-21T15:26:36.492+05:30  WARN 18056 --- [HEALTHCARE] [restartedMain] ConfigServletWebServerApplicationContext : Exception encountered during context initialization - cancelling refresh attempt: org.springframework.context.ApplicationContextException: Failed to start bean 'webServerStartStop'
2025-04-21T15:26:36.500+05:30  INFO 18056 --- [HEALTHCARE] [restartedMain] j.LocalContainerEntityManagerFactoryBean : Closing JPA EntityManagerFactory for persistence unit 'default'
2025-04-21T15:26:36.507+05:30  INFO 18056 --- [HEALTHCARE] [restartedMain] com.zaxxer.hikari.HikariDataSource       : HikariPool-1 - Shutdown initiated...
2025-04-21T15:26:36.521+05:30  INFO 18056 --- [HEALTHCARE] [restartedMain] com.zaxxer.hikari.HikariDataSource       : HikariPool-1 - Shutdown completed.
2025-04-21T15:26:36.549+05:30  INFO 18056 --- [HEALTHCARE] [restartedMain] .s.b.a.l.ConditionEvaluationReportLogger : 

Error starting ApplicationContext. To display the condition evaluation report re-run your application with 'debug' enabled.
2025-04-21T15:26:36.586+05:30 ERROR 18056 --- [HEALTHCARE] [restartedMain] o.s.b.d.LoggingFailureAnalysisReporter   : 

***************************
APPLICATION FAILED TO START
***************************

Description:

Web server failed to start. Port 8098 was already in use.

Action:

Identify and stop the process that's listening on port 8098 or configure this application to listen on another port.

2025-04-21T15:27:42.552+05:30  INFO 23056 --- [HEALTHCARE] [File Watcher] rtingClassPathChangeChangedEventListener : Restarting due to 1 class path change (0 additions, 0 deletions, 1 modification)
2025-04-21T15:27:42.555+05:30  INFO 23056 --- [HEALTHCARE] [Thread-19] o.s.b.w.e.tomcat.GracefulShutdown        : Commencing graceful shutdown. Waiting for active requests to complete
2025-04-21T15:27:42.574+05:30  INFO 23056 --- [HEALTHCARE] [tomcat-shutdown] o.s.b.w.e.tomcat.GracefulShutdown        : Graceful shutdown complete
2025-04-21T15:27:42.581+05:30  INFO 23056 --- [HEALTHCARE] [Thread-19] j.LocalContainerEntityManagerFactoryBean : Closing JPA EntityManagerFactory for persistence unit 'default'
2025-04-21T15:27:42.583+05:30  INFO 23056 --- [HEALTHCARE] [Thread-19] com.zaxxer.hikari.HikariDataSource       : HikariPool-5 - Shutdown initiated...
2025-04-21T15:27:42.611+05:30  INFO 23056 --- [HEALTHCARE] [Thread-19] com.zaxxer.hikari.HikariDataSource       : HikariPool-5 - Shutdown completed.
2025-04-21T15:27:42.831+05:30  INFO 23056 --- [HEALTHCARE] [restartedMain] c.c.healthcare.HealthcareApplication     : Starting HealthcareApplication using Java 21.0.4 with PID 23056 (C:\Users\2395708\OneDrive - Cognizant\Documents\HEALTHCAREMANAGEMENT\target\classes started by 2395708 in C:\Users\2395708\OneDrive - Cognizant\Documents\HEALTHCAREMANAGEMENT)
2025-04-21T15:27:42.832+05:30  INFO 23056 --- [HEALTHCARE] [restartedMain] c.c.healthcare.HealthcareApplication     : No active profile set, falling back to 1 default profile: "default"
2025-04-21T15:27:43.547+05:30  INFO 23056 --- [HEALTHCARE] [restartedMain] .s.d.r.c.RepositoryConfigurationDelegate : Bootstrapping Spring Data JPA repositories in DEFAULT mode.
2025-04-21T15:27:43.608+05:30  INFO 23056 --- [HEALTHCARE] [restartedMain] .s.d.r.c.RepositoryConfigurationDelegate : Finished Spring Data repository scanning in 59 ms. Found 6 JPA repository interfaces.
2025-04-21T15:27:44.007+05:30  INFO 23056 --- [HEALTHCARE] [restartedMain] o.s.b.w.embedded.tomcat.TomcatWebServer  : Tomcat initialized with port 8098 (http)
2025-04-21T15:27:44.008+05:30  INFO 23056 --- [HEALTHCARE] [restartedMain] o.apache.catalina.core.StandardService   : Starting service [Tomcat]
2025-04-21T15:27:44.009+05:30  INFO 23056 --- [HEALTHCARE] [restartedMain] o.apache.catalina.core.StandardEngine    : Starting Servlet engine: [Apache Tomcat/10.1.39]
2025-04-21T15:27:44.048+05:30  INFO 23056 --- [HEALTHCARE] [restartedMain] o.a.c.c.C.[Tomcat].[localhost].[/]       : Initializing Spring embedded WebApplicationContext
2025-04-21T15:27:44.048+05:30  INFO 23056 --- [HEALTHCARE] [restartedMain] w.s.c.ServletWebServerApplicationContext : Root WebApplicationContext: initialization completed in 1210 ms
2025-04-21T15:27:44.360+05:30  INFO 23056 --- [HEALTHCARE] [restartedMain] o.hibernate.jpa.internal.util.LogHelper  : HHH000204: Processing PersistenceUnitInfo [name: default]
2025-04-21T15:27:44.371+05:30  INFO 23056 --- [HEALTHCARE] [restartedMain] o.h.c.internal.RegionFactoryInitiator    : HHH000026: Second-level cache disabled
2025-04-21T15:27:44.423+05:30  INFO 23056 --- [HEALTHCARE] [restartedMain] o.s.o.j.p.SpringPersistenceUnitInfo      : No LoadTimeWeaver setup: ignoring JPA class transformer
2025-04-21T15:27:44.428+05:30  INFO 23056 --- [HEALTHCARE] [restartedMain] com.zaxxer.hikari.HikariDataSource       : HikariPool-6 - Starting...
2025-04-21T15:27:44.465+05:30  INFO 23056 --- [HEALTHCARE] [restartedMain] com.zaxxer.hikari.pool.HikariPool        : HikariPool-6 - Added connection com.mysql.cj.jdbc.ConnectionImpl@233da7e2
2025-04-21T15:27:44.466+05:30  INFO 23056 --- [HEALTHCARE] [restartedMain] com.zaxxer.hikari.HikariDataSource       : HikariPool-6 - Start completed.
2025-04-21T15:27:44.470+05:30  INFO 23056 --- [HEALTHCARE] [restartedMain] org.hibernate.orm.connections.pooling    : HHH10001005: Database info:
	Database JDBC URL [Connecting through datasource 'HikariDataSource (HikariPool-6)']
	Database driver: undefined/unknown
	Database version: 8.0.41
	Autocommit mode: undefined/unknown
	Isolation level: undefined/unknown
	Minimum pool size: undefined/unknown
	Maximum pool size: undefined/unknown
2025-04-21T15:27:44.900+05:30  INFO 23056 --- [HEALTHCARE] [restartedMain] o.h.e.t.j.p.i.JtaPlatformInitiator       : HHH000489: No JTA platform available (set 'hibernate.transaction.jta.platform' to enable JTA platform integration)
2025-04-21T15:27:45.014+05:30  INFO 23056 --- [HEALTHCARE] [restartedMain] j.LocalContainerEntityManagerFactoryBean : Initialized JPA EntityManagerFactory for persistence unit 'default'
2025-04-21T15:27:46.865+05:30  INFO 23056 --- [HEALTHCARE] [restartedMain] r$InitializeUserDetailsManagerConfigurer : Global AuthenticationManager configured with UserDetailsService bean with name myUserDetailsService
2025-04-21T15:27:46.969+05:30  WARN 23056 --- [HEALTHCARE] [restartedMain] JpaBaseConfiguration$JpaWebConfiguration : spring.jpa.open-in-view is enabled by default. Therefore, database queries may be performed during view rendering. Explicitly configure spring.jpa.open-in-view to disable this warning
2025-04-21T15:27:48.792+05:30  INFO 23056 --- [HEALTHCARE] [restartedMain] o.s.b.d.a.OptionalLiveReloadServer       : LiveReload server is running on port 35729
2025-04-21T15:27:48.842+05:30  INFO 23056 --- [HEALTHCARE] [restartedMain] o.s.b.w.embedded.tomcat.TomcatWebServer  : Tomcat started on port 8098 (http) with context path '/'
2025-04-21T15:27:48.849+05:30  INFO 23056 --- [HEALTHCARE] [restartedMain] c.c.healthcare.HealthcareApplication     : Started HealthcareApplication in 6.127 seconds (process running for 754.275)
2025-04-21T15:27:48.852+05:30  INFO 23056 --- [HEALTHCARE] [restartedMain] .ConditionEvaluationDeltaLoggingListener : Condition evaluation unchanged
2025-04-21T15:27:58.282+05:30  INFO 23056 --- [HEALTHCARE] [RMI TCP Connection(16)-127.0.0.1] inMXBeanRegistrar$SpringApplicationAdmin : Application shutdown requested.
2025-04-21T15:27:58.283+05:30  INFO 23056 --- [HEALTHCARE] [RMI TCP Connection(16)-127.0.0.1] o.s.b.w.e.tomcat.GracefulShutdown        : Commencing graceful shutdown. Waiting for active requests to complete
2025-04-21T15:27:58.292+05:30  INFO 23056 --- [HEALTHCARE] [tomcat-shutdown] o.s.b.w.e.tomcat.GracefulShutdown        : Graceful shutdown complete
2025-04-21T15:27:58.297+05:30  INFO 23056 --- [HEALTHCARE] [RMI TCP Connection(16)-127.0.0.1] j.LocalContainerEntityManagerFactoryBean : Closing JPA EntityManagerFactory for persistence unit 'default'
2025-04-21T15:27:58.297+05:30  INFO 23056 --- [HEALTHCARE] [RMI TCP Connection(16)-127.0.0.1] com.zaxxer.hikari.HikariDataSource       : HikariPool-6 - Shutdown initiated...
2025-04-21T15:27:58.307+05:30  INFO 23056 --- [HEALTHCARE] [RMI TCP Connection(16)-127.0.0.1] com.zaxxer.hikari.HikariDataSource       : HikariPool-6 - Shutdown completed.
2025-04-21T15:28:16.593+05:30  INFO 1260 --- [HEALTHCARE] [restartedMain] c.c.healthcare.HealthcareApplication     : Starting HealthcareApplication using Java 21.0.4 with PID 1260 (C:\Users\2395708\OneDrive - Cognizant\Documents\HEALTHCAREMANAGEMENT\target\classes started by 2395708 in C:\Users\2395708\OneDrive - Cognizant\Documents\HEALTHCAREMANAGEMENT)
2025-04-21T15:28:16.597+05:30  INFO 1260 --- [HEALTHCARE] [restartedMain] c.c.healthcare.HealthcareApplication     : No active profile set, falling back to 1 default profile: "default"
2025-04-21T15:28:16.707+05:30  INFO 1260 --- [HEALTHCARE] [restartedMain] .e.DevToolsPropertyDefaultsPostProcessor : Devtools property defaults active! Set 'spring.devtools.add-properties' to 'false' to disable
2025-04-21T15:28:16.707+05:30  INFO 1260 --- [HEALTHCARE] [restartedMain] .e.DevToolsPropertyDefaultsPostProcessor : For additional web related logging consider setting the 'logging.level.web' property to 'DEBUG'
2025-04-21T15:28:18.102+05:30  INFO 1260 --- [HEALTHCARE] [restartedMain] .s.d.r.c.RepositoryConfigurationDelegate : Bootstrapping Spring Data JPA repositories in DEFAULT mode.
2025-04-21T15:28:18.245+05:30  INFO 1260 --- [HEALTHCARE] [restartedMain] .s.d.r.c.RepositoryConfigurationDelegate : Finished Spring Data repository scanning in 119 ms. Found 6 JPA repository interfaces.
2025-04-21T15:28:19.559+05:30  INFO 1260 --- [HEALTHCARE] [restartedMain] o.s.b.w.embedded.tomcat.TomcatWebServer  : Tomcat initialized with port 8098 (http)
2025-04-21T15:28:19.585+05:30  INFO 1260 --- [HEALTHCARE] [restartedMain] o.apache.catalina.core.StandardService   : Starting service [Tomcat]
2025-04-21T15:28:19.586+05:30  INFO 1260 --- [HEALTHCARE] [restartedMain] o.apache.catalina.core.StandardEngine    : Starting Servlet engine: [Apache Tomcat/10.1.39]
2025-04-21T15:28:19.694+05:30  INFO 1260 --- [HEALTHCARE] [restartedMain] o.a.c.c.C.[Tomcat].[localhost].[/]       : Initializing Spring embedded WebApplicationContext
2025-04-21T15:28:19.695+05:30  INFO 1260 --- [HEALTHCARE] [restartedMain] w.s.c.ServletWebServerApplicationContext : Root WebApplicationContext: initialization completed in 2987 ms
2025-04-21T15:28:19.982+05:30  INFO 1260 --- [HEALTHCARE] [restartedMain] o.hibernate.jpa.internal.util.LogHelper  : HHH000204: Processing PersistenceUnitInfo [name: default]
2025-04-21T15:28:20.073+05:30  INFO 1260 --- [HEALTHCARE] [restartedMain] org.hibernate.Version                    : HHH000412: Hibernate ORM core version 6.6.11.Final
2025-04-21T15:28:20.131+05:30  INFO 1260 --- [HEALTHCARE] [restartedMain] o.h.c.internal.RegionFactoryInitiator    : HHH000026: Second-level cache disabled
2025-04-21T15:28:20.515+05:30  INFO 1260 --- [HEALTHCARE] [restartedMain] o.s.o.j.p.SpringPersistenceUnitInfo      : No LoadTimeWeaver setup: ignoring JPA class transformer
2025-04-21T15:28:20.577+05:30  INFO 1260 --- [HEALTHCARE] [restartedMain] com.zaxxer.hikari.HikariDataSource       : HikariPool-1 - Starting...
2025-04-21T15:28:21.040+05:30  INFO 1260 --- [HEALTHCARE] [restartedMain] com.zaxxer.hikari.pool.HikariPool        : HikariPool-1 - Added connection com.mysql.cj.jdbc.ConnectionImpl@714e817b
2025-04-21T15:28:21.046+05:30  INFO 1260 --- [HEALTHCARE] [restartedMain] com.zaxxer.hikari.HikariDataSource       : HikariPool-1 - Start completed.
2025-04-21T15:28:21.264+05:30  INFO 1260 --- [HEALTHCARE] [restartedMain] org.hibernate.orm.connections.pooling    : HHH10001005: Database info:
	Database JDBC URL [Connecting through datasource 'HikariDataSource (HikariPool-1)']
	Database driver: undefined/unknown
	Database version: 8.0.41
	Autocommit mode: undefined/unknown
	Isolation level: undefined/unknown
	Minimum pool size: undefined/unknown
	Maximum pool size: undefined/unknown
2025-04-21T15:28:23.007+05:30  INFO 1260 --- [HEALTHCARE] [restartedMain] o.h.e.t.j.p.i.JtaPlatformInitiator       : HHH000489: No JTA platform available (set 'hibernate.transaction.jta.platform' to enable JTA platform integration)
2025-04-21T15:28:23.153+05:30  INFO 1260 --- [HEALTHCARE] [restartedMain] j.LocalContainerEntityManagerFactoryBean : Initialized JPA EntityManagerFactory for persistence unit 'default'
2025-04-21T15:28:24.176+05:30  INFO 1260 --- [HEALTHCARE] [restartedMain] r$InitializeUserDetailsManagerConfigurer : Global AuthenticationManager configured with UserDetailsService bean with name myUserDetailsService
2025-04-21T15:28:24.242+05:30  WARN 1260 --- [HEALTHCARE] [restartedMain] JpaBaseConfiguration$JpaWebConfiguration : spring.jpa.open-in-view is enabled by default. Therefore, database queries may be performed during view rendering. Explicitly configure spring.jpa.open-in-view to disable this warning
2025-04-21T15:28:26.546+05:30  INFO 1260 --- [HEALTHCARE] [restartedMain] o.s.b.d.a.OptionalLiveReloadServer       : LiveReload server is running on port 35729
2025-04-21T15:28:26.660+05:30  INFO 1260 --- [HEALTHCARE] [restartedMain] o.s.b.w.embedded.tomcat.TomcatWebServer  : Tomcat started on port 8098 (http) with context path '/'
2025-04-21T15:28:26.682+05:30  INFO 1260 --- [HEALTHCARE] [restartedMain] c.c.healthcare.HealthcareApplication     : Started HealthcareApplication in 10.79 seconds (process running for 12.407)
2025-04-21T15:30:47.732+05:30  INFO 1260 --- [HEALTHCARE] [File Watcher] rtingClassPathChangeChangedEventListener : Restarting due to 1 class path change (1 addition, 0 deletions, 0 modifications)
2025-04-21T15:30:47.741+05:30  INFO 1260 --- [HEALTHCARE] [Thread-5] o.s.b.w.e.tomcat.GracefulShutdown        : Commencing graceful shutdown. Waiting for active requests to complete
2025-04-21T15:30:47.756+05:30  INFO 1260 --- [HEALTHCARE] [tomcat-shutdown] o.s.b.w.e.tomcat.GracefulShutdown        : Graceful shutdown complete
2025-04-21T15:30:47.768+05:30  INFO 1260 --- [HEALTHCARE] [Thread-5] j.LocalContainerEntityManagerFactoryBean : Closing JPA EntityManagerFactory for persistence unit 'default'
2025-04-21T15:30:47.778+05:30  INFO 1260 --- [HEALTHCARE] [Thread-5] com.zaxxer.hikari.HikariDataSource       : HikariPool-1 - Shutdown initiated...
2025-04-21T15:30:47.805+05:30  INFO 1260 --- [HEALTHCARE] [Thread-5] com.zaxxer.hikari.HikariDataSource       : HikariPool-1 - Shutdown completed.
2025-04-21T15:32:44.845+05:30  INFO 9492 --- [HEALTHCARE] [restartedMain] c.c.healthcare.HealthcareApplication     : Starting HealthcareApplication using Java 21.0.4 with PID 9492 (C:\Users\2395708\OneDrive - Cognizant\Documents\HEALTHCAREMANAGEMENT\target\classes started by 2395708 in C:\Users\2395708\OneDrive - Cognizant\Documents\HEALTHCAREMANAGEMENT)
2025-04-21T15:32:44.850+05:30  INFO 9492 --- [HEALTHCARE] [restartedMain] c.c.healthcare.HealthcareApplication     : No active profile set, falling back to 1 default profile: "default"
2025-04-21T15:32:44.971+05:30  INFO 9492 --- [HEALTHCARE] [restartedMain] .e.DevToolsPropertyDefaultsPostProcessor : Devtools property defaults active! Set 'spring.devtools.add-properties' to 'false' to disable
2025-04-21T15:32:44.971+05:30  INFO 9492 --- [HEALTHCARE] [restartedMain] .e.DevToolsPropertyDefaultsPostProcessor : For additional web related logging consider setting the 'logging.level.web' property to 'DEBUG'
2025-04-21T15:32:46.224+05:30  INFO 9492 --- [HEALTHCARE] [restartedMain] .s.d.r.c.RepositoryConfigurationDelegate : Bootstrapping Spring Data JPA repositories in DEFAULT mode.
2025-04-21T15:32:46.342+05:30  INFO 9492 --- [HEALTHCARE] [restartedMain] .s.d.r.c.RepositoryConfigurationDelegate : Finished Spring Data repository scanning in 101 ms. Found 6 JPA repository interfaces.
2025-04-21T15:32:47.627+05:30  INFO 9492 --- [HEALTHCARE] [restartedMain] o.s.b.w.embedded.tomcat.TomcatWebServer  : Tomcat initialized with port 8098 (http)
2025-04-21T15:32:47.651+05:30  INFO 9492 --- [HEALTHCARE] [restartedMain] o.apache.catalina.core.StandardService   : Starting service [Tomcat]
2025-04-21T15:32:47.652+05:30  INFO 9492 --- [HEALTHCARE] [restartedMain] o.apache.catalina.core.StandardEngine    : Starting Servlet engine: [Apache Tomcat/10.1.39]
2025-04-21T15:32:47.731+05:30  INFO 9492 --- [HEALTHCARE] [restartedMain] o.a.c.c.C.[Tomcat].[localhost].[/]       : Initializing Spring embedded WebApplicationContext
2025-04-21T15:32:47.732+05:30  INFO 9492 --- [HEALTHCARE] [restartedMain] w.s.c.ServletWebServerApplicationContext : Root WebApplicationContext: initialization completed in 2760 ms
2025-04-21T15:32:47.994+05:30  INFO 9492 --- [HEALTHCARE] [restartedMain] o.hibernate.jpa.internal.util.LogHelper  : HHH000204: Processing PersistenceUnitInfo [name: default]
2025-04-21T15:32:48.074+05:30  INFO 9492 --- [HEALTHCARE] [restartedMain] org.hibernate.Version                    : HHH000412: Hibernate ORM core version 6.6.11.Final
2025-04-21T15:32:48.126+05:30  INFO 9492 --- [HEALTHCARE] [restartedMain] o.h.c.internal.RegionFactoryInitiator    : HHH000026: Second-level cache disabled
2025-04-21T15:32:48.540+05:30  INFO 9492 --- [HEALTHCARE] [restartedMain] o.s.o.j.p.SpringPersistenceUnitInfo      : No LoadTimeWeaver setup: ignoring JPA class transformer
2025-04-21T15:32:48.590+05:30  INFO 9492 --- [HEALTHCARE] [restartedMain] com.zaxxer.hikari.HikariDataSource       : HikariPool-1 - Starting...
2025-04-21T15:32:49.001+05:30  INFO 9492 --- [HEALTHCARE] [restartedMain] com.zaxxer.hikari.pool.HikariPool        : HikariPool-1 - Added connection com.mysql.cj.jdbc.ConnectionImpl@5304d433
2025-04-21T15:32:49.004+05:30  INFO 9492 --- [HEALTHCARE] [restartedMain] com.zaxxer.hikari.HikariDataSource       : HikariPool-1 - Start completed.
2025-04-21T15:32:49.171+05:30  INFO 9492 --- [HEALTHCARE] [restartedMain] org.hibernate.orm.connections.pooling    : HHH10001005: Database info:
	Database JDBC URL [Connecting through datasource 'HikariDataSource (HikariPool-1)']
	Database driver: undefined/unknown
	Database version: 8.0.41
	Autocommit mode: undefined/unknown
	Isolation level: undefined/unknown
	Minimum pool size: undefined/unknown
	Maximum pool size: undefined/unknown
2025-04-21T15:32:50.870+05:30  INFO 9492 --- [HEALTHCARE] [restartedMain] o.h.e.t.j.p.i.JtaPlatformInitiator       : HHH000489: No JTA platform available (set 'hibernate.transaction.jta.platform' to enable JTA platform integration)
2025-04-21T15:32:51.057+05:30  INFO 9492 --- [HEALTHCARE] [restartedMain] j.LocalContainerEntityManagerFactoryBean : Initialized JPA EntityManagerFactory for persistence unit 'default'
2025-04-21T15:32:52.824+05:30  INFO 9492 --- [HEALTHCARE] [restartedMain] r$InitializeUserDetailsManagerConfigurer : Global AuthenticationManager configured with UserDetailsService bean with name myUserDetailsService
2025-04-21T15:32:52.895+05:30  WARN 9492 --- [HEALTHCARE] [restartedMain] JpaBaseConfiguration$JpaWebConfiguration : spring.jpa.open-in-view is enabled by default. Therefore, database queries may be performed during view rendering. Explicitly configure spring.jpa.open-in-view to disable this warning
2025-04-21T15:32:54.055+05:30  INFO 9492 --- [HEALTHCARE] [restartedMain] o.s.b.d.a.OptionalLiveReloadServer       : LiveReload server is running on port 35729
2025-04-21T15:32:54.112+05:30  INFO 9492 --- [HEALTHCARE] [restartedMain] o.s.b.w.embedded.tomcat.TomcatWebServer  : Tomcat started on port 8098 (http) with context path '/'
2025-04-21T15:32:54.121+05:30  INFO 9492 --- [HEALTHCARE] [restartedMain] c.c.healthcare.HealthcareApplication     : Started HealthcareApplication in 10.017 seconds (process running for 11.529)
2025-04-21T15:47:53.778+05:30  WARN 9492 --- [HEALTHCARE] [HikariPool-1 housekeeper] com.zaxxer.hikari.pool.HikariPool        : HikariPool-1 - Thread starvation or clock leap detected (housekeeper delta=13m4s636ms9µs).
2025-04-21T15:52:14.784+05:30  WARN 9492 --- [HEALTHCARE] [HikariPool-1 housekeeper] com.zaxxer.hikari.pool.HikariPool        : HikariPool-1 - Thread starvation or clock leap detected (housekeeper delta=50s964ms556µs400ns).
2025-04-21T15:52:29.959+05:30  INFO 9492 --- [HEALTHCARE] [File Watcher] rtingClassPathChangeChangedEventListener : Restarting due to 1 class path change (0 additions, 0 deletions, 1 modification)
2025-04-21T15:52:29.966+05:30  INFO 9492 --- [HEALTHCARE] [Thread-5] o.s.b.w.e.tomcat.GracefulShutdown        : Commencing graceful shutdown. Waiting for active requests to complete
2025-04-21T15:52:29.981+05:30  INFO 9492 --- [HEALTHCARE] [tomcat-shutdown] o.s.b.w.e.tomcat.GracefulShutdown        : Graceful shutdown complete
2025-04-21T15:52:29.993+05:30  INFO 9492 --- [HEALTHCARE] [Thread-5] j.LocalContainerEntityManagerFactoryBean : Closing JPA EntityManagerFactory for persistence unit 'default'
2025-04-21T15:52:30.002+05:30  INFO 9492 --- [HEALTHCARE] [Thread-5] com.zaxxer.hikari.HikariDataSource       : HikariPool-1 - Shutdown initiated...
2025-04-21T15:52:30.027+05:30  INFO 9492 --- [HEALTHCARE] [Thread-5] com.zaxxer.hikari.HikariDataSource       : HikariPool-1 - Shutdown completed.
2025-04-21T15:52:30.229+05:30  INFO 9492 --- [HEALTHCARE] [restartedMain] c.c.healthcare.HealthcareApplication     : Starting HealthcareApplication using Java 21.0.4 with PID 9492 (C:\Users\2395708\OneDrive - Cognizant\Documents\HEALTHCAREMANAGEMENT\target\classes started by 2395708 in C:\Users\2395708\OneDrive - Cognizant\Documents\HEALTHCAREMANAGEMENT)
2025-04-21T15:52:30.230+05:30  INFO 9492 --- [HEALTHCARE] [restartedMain] c.c.healthcare.HealthcareApplication     : No active profile set, falling back to 1 default profile: "default"
2025-04-21T15:52:30.714+05:30  INFO 9492 --- [HEALTHCARE] [restartedMain] .s.d.r.c.RepositoryConfigurationDelegate : Bootstrapping Spring Data JPA repositories in DEFAULT mode.
2025-04-21T15:52:30.763+05:30  INFO 9492 --- [HEALTHCARE] [restartedMain] .s.d.r.c.RepositoryConfigurationDelegate : Finished Spring Data repository scanning in 47 ms. Found 6 JPA repository interfaces.
2025-04-21T15:52:31.245+05:30  INFO 9492 --- [HEALTHCARE] [restartedMain] o.s.b.w.embedded.tomcat.TomcatWebServer  : Tomcat initialized with port 8098 (http)
2025-04-21T15:52:31.255+05:30  INFO 9492 --- [HEALTHCARE] [restartedMain] o.apache.catalina.core.StandardService   : Starting service [Tomcat]
2025-04-21T15:52:31.256+05:30  INFO 9492 --- [HEALTHCARE] [restartedMain] o.apache.catalina.core.StandardEngine    : Starting Servlet engine: [Apache Tomcat/10.1.39]
2025-04-21T15:52:31.367+05:30  INFO 9492 --- [HEALTHCARE] [restartedMain] o.a.c.c.C.[Tomcat].[localhost].[/]       : Initializing Spring embedded WebApplicationContext
2025-04-21T15:52:31.368+05:30  INFO 9492 --- [HEALTHCARE] [restartedMain] w.s.c.ServletWebServerApplicationContext : Root WebApplicationContext: initialization completed in 1126 ms
2025-04-21T15:52:31.684+05:30  INFO 9492 --- [HEALTHCARE] [restartedMain] o.hibernate.jpa.internal.util.LogHelper  : HHH000204: Processing PersistenceUnitInfo [name: default]
2025-04-21T15:52:31.695+05:30  INFO 9492 --- [HEALTHCARE] [restartedMain] o.h.c.internal.RegionFactoryInitiator    : HHH000026: Second-level cache disabled
2025-04-21T15:52:31.728+05:30  INFO 9492 --- [HEALTHCARE] [restartedMain] o.s.o.j.p.SpringPersistenceUnitInfo      : No LoadTimeWeaver setup: ignoring JPA class transformer
2025-04-21T15:52:31.733+05:30  INFO 9492 --- [HEALTHCARE] [restartedMain] com.zaxxer.hikari.HikariDataSource       : HikariPool-2 - Starting...
2025-04-21T15:52:31.777+05:30  INFO 9492 --- [HEALTHCARE] [restartedMain] com.zaxxer.hikari.pool.HikariPool        : HikariPool-2 - Added connection com.mysql.cj.jdbc.ConnectionImpl@1a188bcc
2025-04-21T15:52:31.778+05:30  INFO 9492 --- [HEALTHCARE] [restartedMain] com.zaxxer.hikari.HikariDataSource       : HikariPool-2 - Start completed.
2025-04-21T15:52:31.782+05:30  INFO 9492 --- [HEALTHCARE] [restartedMain] org.hibernate.orm.connections.pooling    : HHH10001005: Database info:
	Database JDBC URL [Connecting through datasource 'HikariDataSource (HikariPool-2)']
	Database driver: undefined/unknown
	Database version: 8.0.41
	Autocommit mode: undefined/unknown
	Isolation level: undefined/unknown
	Minimum pool size: undefined/unknown
	Maximum pool size: undefined/unknown
2025-04-21T15:52:32.343+05:30  INFO 9492 --- [HEALTHCARE] [restartedMain] o.h.e.t.j.p.i.JtaPlatformInitiator       : HHH000489: No JTA platform available (set 'hibernate.transaction.jta.platform' to enable JTA platform integration)
2025-04-21T15:52:32.464+05:30  INFO 9492 --- [HEALTHCARE] [restartedMain] j.LocalContainerEntityManagerFactoryBean : Initialized JPA EntityManagerFactory for persistence unit 'default'
2025-04-21T15:52:33.994+05:30  INFO 9492 --- [HEALTHCARE] [restartedMain] c.c.healthcare.loggers.LoggingAdvice     : method invoked class com.cognizant.healthcare.HealthcareApplication$$SpringCGLIB$$0 : getMapper()arguments : []
2025-04-21T15:52:34.111+05:30  WARN 9492 --- [HEALTHCARE] [restartedMain] ConfigServletWebServerApplicationContext : Exception encountered during context initialization - cancelling refresh attempt: org.springframework.beans.factory.UnsatisfiedDependencyException: Error creating bean with name 'doctorController': Unsatisfied dependency expressed through field 'doctorService': Error creating bean with name 'doctorService': Unsatisfied dependency expressed through field 'modelMapper': Error creating bean with name 'getMapper' defined in com.cognizant.healthcare.HealthcareApplication: Failed to instantiate [org.modelmapper.ModelMapper]: Factory method 'getMapper' threw exception with message: null
2025-04-21T15:52:34.112+05:30  INFO 9492 --- [HEALTHCARE] [restartedMain] j.LocalContainerEntityManagerFactoryBean : Closing JPA EntityManagerFactory for persistence unit 'default'
2025-04-21T15:52:34.114+05:30  INFO 9492 --- [HEALTHCARE] [restartedMain] com.zaxxer.hikari.HikariDataSource       : HikariPool-2 - Shutdown initiated...
2025-04-21T15:52:34.137+05:30  INFO 9492 --- [HEALTHCARE] [restartedMain] com.zaxxer.hikari.HikariDataSource       : HikariPool-2 - Shutdown completed.
2025-04-21T15:52:34.139+05:30  INFO 9492 --- [HEALTHCARE] [restartedMain] o.apache.catalina.core.StandardService   : Stopping service [Tomcat]
2025-04-21T15:52:34.153+05:30  INFO 9492 --- [HEALTHCARE] [restartedMain] .s.b.a.l.ConditionEvaluationReportLogger : 

Error starting ApplicationContext. To display the condition evaluation report re-run your application with 'debug' enabled.
2025-04-21T15:52:34.229+05:30 ERROR 9492 --- [HEALTHCARE] [restartedMain] o.s.boot.SpringApplication               : Application run failed

org.springframework.beans.factory.UnsatisfiedDependencyException: Error creating bean with name 'doctorController': Unsatisfied dependency expressed through field 'doctorService': Error creating bean with name 'doctorService': Unsatisfied dependency expressed through field 'modelMapper': Error creating bean with name 'getMapper' defined in com.cognizant.healthcare.HealthcareApplication: Failed to instantiate [org.modelmapper.ModelMapper]: Factory method 'getMapper' threw exception with message: null
	at org.springframework.beans.factory.annotation.AutowiredAnnotationBeanPostProcessor$AutowiredFieldElement.resolveFieldValue(AutowiredAnnotationBeanPostProcessor.java:788) ~[spring-beans-6.2.5.jar:6.2.5]
	at org.springframework.beans.factory.annotation.AutowiredAnnotationBeanPostProcessor$AutowiredFieldElement.inject(AutowiredAnnotationBeanPostProcessor.java:768) ~[spring-beans-6.2.5.jar:6.2.5]
	at org.springframework.beans.factory.annotation.InjectionMetadata.inject(InjectionMetadata.java:146) ~[spring-beans-6.2.5.jar:6.2.5]
	at org.springframework.beans.factory.annotation.AutowiredAnnotationBeanPostProcessor.postProcessProperties(AutowiredAnnotationBeanPostProcessor.java:509) ~[spring-beans-6.2.5.jar:6.2.5]
	at org.springframework.beans.factory.support.AbstractAutowireCapableBeanFactory.populateBean(AbstractAutowireCapableBeanFactory.java:1445) ~[spring-beans-6.2.5.jar:6.2.5]
	at org.springframework.beans.factory.support.AbstractAutowireCapableBeanFactory.doCreateBean(AbstractAutowireCapableBeanFactory.java:600) ~[spring-beans-6.2.5.jar:6.2.5]
	at org.springframework.beans.factory.support.AbstractAutowireCapableBeanFactory.createBean(AbstractAutowireCapableBeanFactory.java:523) ~[spring-beans-6.2.5.jar:6.2.5]
	at org.springframework.beans.factory.support.AbstractBeanFactory.lambda$doGetBean$0(AbstractBeanFactory.java:339) ~[spring-beans-6.2.5.jar:6.2.5]
	at org.springframework.beans.factory.support.DefaultSingletonBeanRegistry.getSingleton(DefaultSingletonBeanRegistry.java:347) ~[spring-beans-6.2.5.jar:6.2.5]
	at org.springframework.beans.factory.support.AbstractBeanFactory.doGetBean(AbstractBeanFactory.java:337) ~[spring-beans-6.2.5.jar:6.2.5]
	at org.springframework.beans.factory.support.AbstractBeanFactory.getBean(AbstractBeanFactory.java:202) ~[spring-beans-6.2.5.jar:6.2.5]
	at org.springframework.beans.factory.support.DefaultListableBeanFactory.instantiateSingleton(DefaultListableBeanFactory.java:1155) ~[spring-beans-6.2.5.jar:6.2.5]
	at org.springframework.beans.factory.support.DefaultListableBeanFactory.preInstantiateSingleton(DefaultListableBeanFactory.java:1121) ~[spring-beans-6.2.5.jar:6.2.5]
	at org.springframework.beans.factory.support.DefaultListableBeanFactory.preInstantiateSingletons(DefaultListableBeanFactory.java:1056) ~[spring-beans-6.2.5.jar:6.2.5]
	at org.springframework.context.support.AbstractApplicationContext.finishBeanFactoryInitialization(AbstractApplicationContext.java:987) ~[spring-context-6.2.5.jar:6.2.5]
	at org.springframework.context.support.AbstractApplicationContext.refresh(AbstractApplicationContext.java:627) ~[spring-context-6.2.5.jar:6.2.5]
	at org.springframework.boot.web.servlet.context.ServletWebServerApplicationContext.refresh(ServletWebServerApplicationContext.java:146) ~[spring-boot-3.4.4.jar:3.4.4]
	at org.springframework.boot.SpringApplication.refresh(SpringApplication.java:752) ~[spring-boot-3.4.4.jar:3.4.4]
	at org.springframework.boot.SpringApplication.refreshContext(SpringApplication.java:439) ~[spring-boot-3.4.4.jar:3.4.4]
	at org.springframework.boot.SpringApplication.run(SpringApplication.java:318) ~[spring-boot-3.4.4.jar:3.4.4]
	at org.springframework.boot.SpringApplication.run(SpringApplication.java:1361) ~[spring-boot-3.4.4.jar:3.4.4]
	at org.springframework.boot.SpringApplication.run(SpringApplication.java:1350) ~[spring-boot-3.4.4.jar:3.4.4]
	at com.cognizant.healthcare.HealthcareApplication.main(HealthcareApplication.java:19) ~[classes/:na]
	at java.base/jdk.internal.reflect.DirectMethodHandleAccessor.invoke(DirectMethodHandleAccessor.java:103) ~[na:na]
	at java.base/java.lang.reflect.Method.invoke(Method.java:580) ~[na:na]
	at org.springframework.boot.devtools.restart.RestartLauncher.run(RestartLauncher.java:50) ~[spring-boot-devtools-3.4.4.jar:3.4.4]
Caused by: org.springframework.beans.factory.UnsatisfiedDependencyException: Error creating bean with name 'doctorService': Unsatisfied dependency expressed through field 'modelMapper': Error creating bean with name 'getMapper' defined in com.cognizant.healthcare.HealthcareApplication: Failed to instantiate [org.modelmapper.ModelMapper]: Factory method 'getMapper' threw exception with message: null
	at org.springframework.beans.factory.annotation.AutowiredAnnotationBeanPostProcessor$AutowiredFieldElement.resolveFieldValue(AutowiredAnnotationBeanPostProcessor.java:788) ~[spring-beans-6.2.5.jar:6.2.5]
	at org.springframework.beans.factory.annotation.AutowiredAnnotationBeanPostProcessor$AutowiredFieldElement.inject(AutowiredAnnotationBeanPostProcessor.java:768) ~[spring-beans-6.2.5.jar:6.2.5]
	at org.springframework.beans.factory.annotation.InjectionMetadata.inject(InjectionMetadata.java:146) ~[spring-beans-6.2.5.jar:6.2.5]
	at org.springframework.beans.factory.annotation.AutowiredAnnotationBeanPostProcessor.postProcessProperties(AutowiredAnnotationBeanPostProcessor.java:509) ~[spring-beans-6.2.5.jar:6.2.5]
	at org.springframework.beans.factory.support.AbstractAutowireCapableBeanFactory.populateBean(AbstractAutowireCapableBeanFactory.java:1445) ~[spring-beans-6.2.5.jar:6.2.5]
	at org.springframework.beans.factory.support.AbstractAutowireCapableBeanFactory.doCreateBean(AbstractAutowireCapableBeanFactory.java:600) ~[spring-beans-6.2.5.jar:6.2.5]
	at org.springframework.beans.factory.support.AbstractAutowireCapableBeanFactory.createBean(AbstractAutowireCapableBeanFactory.java:523) ~[spring-beans-6.2.5.jar:6.2.5]
	at org.springframework.beans.factory.support.AbstractBeanFactory.lambda$doGetBean$0(AbstractBeanFactory.java:339) ~[spring-beans-6.2.5.jar:6.2.5]
	at org.springframework.beans.factory.support.DefaultSingletonBeanRegistry.getSingleton(DefaultSingletonBeanRegistry.java:347) ~[spring-beans-6.2.5.jar:6.2.5]
	at org.springframework.beans.factory.support.AbstractBeanFactory.doGetBean(AbstractBeanFactory.java:337) ~[spring-beans-6.2.5.jar:6.2.5]
	at org.springframework.beans.factory.support.AbstractBeanFactory.getBean(AbstractBeanFactory.java:202) ~[spring-beans-6.2.5.jar:6.2.5]
	at org.springframework.beans.factory.support.DefaultListableBeanFactory.doResolveDependency(DefaultListableBeanFactory.java:1609) ~[spring-beans-6.2.5.jar:6.2.5]
	at org.springframework.beans.factory.support.DefaultListableBeanFactory.resolveDependency(DefaultListableBeanFactory.java:1555) ~[spring-beans-6.2.5.jar:6.2.5]
	at org.springframework.beans.factory.annotation.AutowiredAnnotationBeanPostProcessor$AutowiredFieldElement.resolveFieldValue(AutowiredAnnotationBeanPostProcessor.java:785) ~[spring-beans-6.2.5.jar:6.2.5]
	... 25 common frames omitted
Caused by: org.springframework.beans.factory.BeanCreationException: Error creating bean with name 'getMapper' defined in com.cognizant.healthcare.HealthcareApplication: Failed to instantiate [org.modelmapper.ModelMapper]: Factory method 'getMapper' threw exception with message: null
	at org.springframework.beans.factory.support.ConstructorResolver.instantiate(ConstructorResolver.java:657) ~[spring-beans-6.2.5.jar:6.2.5]
	at org.springframework.beans.factory.support.ConstructorResolver.instantiateUsingFactoryMethod(ConstructorResolver.java:489) ~[spring-beans-6.2.5.jar:6.2.5]
	at org.springframework.beans.factory.support.AbstractAutowireCapableBeanFactory.instantiateUsingFactoryMethod(AbstractAutowireCapableBeanFactory.java:1361) ~[spring-beans-6.2.5.jar:6.2.5]
	at org.springframework.beans.factory.support.AbstractAutowireCapableBeanFactory.createBeanInstance(AbstractAutowireCapableBeanFactory.java:1191) ~[spring-beans-6.2.5.jar:6.2.5]
	at org.springframework.beans.factory.support.AbstractAutowireCapableBeanFactory.doCreateBean(AbstractAutowireCapableBeanFactory.java:563) ~[spring-beans-6.2.5.jar:6.2.5]
	at org.springframework.beans.factory.support.AbstractAutowireCapableBeanFactory.createBean(AbstractAutowireCapableBeanFactory.java:523) ~[spring-beans-6.2.5.jar:6.2.5]
	at org.springframework.beans.factory.support.AbstractBeanFactory.lambda$doGetBean$0(AbstractBeanFactory.java:339) ~[spring-beans-6.2.5.jar:6.2.5]
	at org.springframework.beans.factory.support.DefaultSingletonBeanRegistry.getSingleton(DefaultSingletonBeanRegistry.java:347) ~[spring-beans-6.2.5.jar:6.2.5]
	at org.springframework.beans.factory.support.AbstractBeanFactory.doGetBean(AbstractBeanFactory.java:337) ~[spring-beans-6.2.5.jar:6.2.5]
	at org.springframework.beans.factory.support.AbstractBeanFactory.getBean(AbstractBeanFactory.java:202) ~[spring-beans-6.2.5.jar:6.2.5]
	at org.springframework.beans.factory.config.DependencyDescriptor.resolveCandidate(DependencyDescriptor.java:254) ~[spring-beans-6.2.5.jar:6.2.5]
	at org.springframework.beans.factory.support.DefaultListableBeanFactory.doResolveDependency(DefaultListableBeanFactory.java:1667) ~[spring-beans-6.2.5.jar:6.2.5]
	at org.springframework.beans.factory.support.DefaultListableBeanFactory.resolveDependency(DefaultListableBeanFactory.java:1555) ~[spring-beans-6.2.5.jar:6.2.5]
	at org.springframework.beans.factory.annotation.AutowiredAnnotationBeanPostProcessor$AutowiredFieldElement.resolveFieldValue(AutowiredAnnotationBeanPostProcessor.java:785) ~[spring-beans-6.2.5.jar:6.2.5]
	... 38 common frames omitted
Caused by: org.springframework.beans.BeanInstantiationException: Failed to instantiate [org.modelmapper.ModelMapper]: Factory method 'getMapper' threw exception with message: null
	at org.springframework.beans.factory.support.SimpleInstantiationStrategy.lambda$instantiate$0(SimpleInstantiationStrategy.java:199) ~[spring-beans-6.2.5.jar:6.2.5]
	at org.springframework.beans.factory.support.SimpleInstantiationStrategy.instantiateWithFactoryMethod(SimpleInstantiationStrategy.java:88) ~[spring-beans-6.2.5.jar:6.2.5]
	at org.springframework.beans.factory.support.SimpleInstantiationStrategy.instantiate(SimpleInstantiationStrategy.java:168) ~[spring-beans-6.2.5.jar:6.2.5]
	at org.springframework.beans.factory.support.ConstructorResolver.instantiate(ConstructorResolver.java:653) ~[spring-beans-6.2.5.jar:6.2.5]
	... 51 common frames omitted
Caused by: java.lang.reflect.UndeclaredThrowableException: null
	at com.cognizant.healthcare.HealthcareApplication$$SpringCGLIB$$1.getMapper(<generated>) ~[classes/:na]
	at java.base/jdk.internal.reflect.DirectMethodHandleAccessor.invoke(DirectMethodHandleAccessor.java:103) ~[na:na]
	at java.base/java.lang.reflect.Method.invoke(Method.java:580) ~[na:na]
	at org.springframework.beans.factory.support.SimpleInstantiationStrategy.lambda$instantiate$0(SimpleInstantiationStrategy.java:171) ~[spring-beans-6.2.5.jar:6.2.5]
	... 54 common frames omitted
Caused by: com.fasterxml.jackson.databind.exc.InvalidDefinitionException: No serializer found for class org.modelmapper.internal.TypeMapStore and no properties discovered to create BeanSerializer (to avoid exception, disable SerializationFeature.FAIL_ON_EMPTY_BEANS) (through reference chain: org.modelmapper.ModelMapper["configuration"]->org.modelmapper.internal.InheritingConfiguration["typeMapStore"])
	at com.fasterxml.jackson.databind.exc.InvalidDefinitionException.from(InvalidDefinitionException.java:77) ~[jackson-databind-2.18.3.jar:2.18.3]
	at com.fasterxml.jackson.databind.SerializerProvider.reportBadDefinition(SerializerProvider.java:1340) ~[jackson-databind-2.18.3.jar:2.18.3]
	at com.fasterxml.jackson.databind.DatabindContext.reportBadDefinition(DatabindContext.java:414) ~[jackson-databind-2.18.3.jar:2.18.3]
	at com.fasterxml.jackson.databind.ser.impl.UnknownSerializer.failForEmpty(UnknownSerializer.java:53) ~[jackson-databind-2.18.3.jar:2.18.3]
	at com.fasterxml.jackson.databind.ser.impl.UnknownSerializer.serialize(UnknownSerializer.java:30) ~[jackson-databind-2.18.3.jar:2.18.3]
	at com.fasterxml.jackson.databind.ser.BeanPropertyWriter.serializeAsField(BeanPropertyWriter.java:732) ~[jackson-databind-2.18.3.jar:2.18.3]
	at com.fasterxml.jackson.databind.ser.std.BeanSerializerBase.serializeFields(BeanSerializerBase.java:770) ~[jackson-databind-2.18.3.jar:2.18.3]
	at com.fasterxml.jackson.databind.ser.BeanSerializer.serialize(BeanSerializer.java:184) ~[jackson-databind-2.18.3.jar:2.18.3]
	at com.fasterxml.jackson.databind.ser.BeanPropertyWriter.serializeAsField(BeanPropertyWriter.java:732) ~[jackson-databind-2.18.3.jar:2.18.3]
	at com.fasterxml.jackson.databind.ser.std.BeanSerializerBase.serializeFields(BeanSerializerBase.java:770) ~[jackson-databind-2.18.3.jar:2.18.3]
	at com.fasterxml.jackson.databind.ser.BeanSerializer.serialize(BeanSerializer.java:184) ~[jackson-databind-2.18.3.jar:2.18.3]
	at com.fasterxml.jackson.databind.ser.DefaultSerializerProvider._serialize(DefaultSerializerProvider.java:502) ~[jackson-databind-2.18.3.jar:2.18.3]
	at com.fasterxml.jackson.databind.ser.DefaultSerializerProvider.serializeValue(DefaultSerializerProvider.java:341) ~[jackson-databind-2.18.3.jar:2.18.3]
	at com.fasterxml.jackson.databind.ObjectMapper._writeValueAndClose(ObjectMapper.java:4819) ~[jackson-databind-2.18.3.jar:2.18.3]
	at com.fasterxml.jackson.databind.ObjectMapper.writeValueAsString(ObjectMapper.java:4060) ~[jackson-databind-2.18.3.jar:2.18.3]
	at com.cognizant.healthcare.loggers.LoggingAdvice.applicationLogger(LoggingAdvice.java:34) ~[classes/:na]
	at java.base/jdk.internal.reflect.DirectMethodHandleAccessor.invoke(DirectMethodHandleAccessor.java:103) ~[na:na]
	at java.base/java.lang.reflect.Method.invoke(Method.java:580) ~[na:na]
	at org.springframework.aop.aspectj.AbstractAspectJAdvice.invokeAdviceMethodWithGivenArgs(AbstractAspectJAdvice.java:642) ~[spring-aop-6.2.5.jar:6.2.5]
	at org.springframework.aop.aspectj.AbstractAspectJAdvice.invokeAdviceMethod(AbstractAspectJAdvice.java:632) ~[spring-aop-6.2.5.jar:6.2.5]
	at org.springframework.aop.aspectj.AspectJAroundAdvice.invoke(AspectJAroundAdvice.java:71) ~[spring-aop-6.2.5.jar:6.2.5]
	at org.springframework.aop.framework.ReflectiveMethodInvocation.proceed(ReflectiveMethodInvocation.java:184) ~[spring-aop-6.2.5.jar:6.2.5]
	at org.springframework.aop.interceptor.ExposeInvocationInterceptor.invoke(ExposeInvocationInterceptor.java:97) ~[spring-aop-6.2.5.jar:6.2.5]
	at org.springframework.aop.framework.ReflectiveMethodInvocation.proceed(ReflectiveMethodInvocation.java:184) ~[spring-aop-6.2.5.jar:6.2.5]
	at org.springframework.aop.framework.CglibAopProxy$DynamicAdvisedInterceptor.intercept(CglibAopProxy.java:727) ~[spring-aop-6.2.5.jar:6.2.5]
	... 58 common frames omitted

2025-04-21T15:54:34.473+05:30  INFO 9492 --- [HEALTHCARE] [restartedMain] c.c.healthcare.HealthcareApplication     : Starting HealthcareApplication using Java 21.0.4 with PID 9492 (C:\Users\2395708\OneDrive - Cognizant\Documents\HEALTHCAREMANAGEMENT\target\classes started by 2395708 in C:\Users\2395708\OneDrive - Cognizant\Documents\HEALTHCAREMANAGEMENT)
2025-04-21T15:54:34.474+05:30  INFO 9492 --- [HEALTHCARE] [restartedMain] c.c.healthcare.HealthcareApplication     : No active profile set, falling back to 1 default profile: "default"
2025-04-21T15:54:34.793+05:30  INFO 9492 --- [HEALTHCARE] [restartedMain] .s.d.r.c.RepositoryConfigurationDelegate : Bootstrapping Spring Data JPA repositories in DEFAULT mode.
2025-04-21T15:54:34.856+05:30  INFO 9492 --- [HEALTHCARE] [restartedMain] .s.d.r.c.RepositoryConfigurationDelegate : Finished Spring Data repository scanning in 60 ms. Found 6 JPA repository interfaces.
2025-04-21T15:54:35.669+05:30  INFO 9492 --- [HEALTHCARE] [restartedMain] o.s.b.w.embedded.tomcat.TomcatWebServer  : Tomcat initialized with port 8098 (http)
2025-04-21T15:54:35.677+05:30  INFO 9492 --- [HEALTHCARE] [restartedMain] o.apache.catalina.core.StandardService   : Starting service [Tomcat]
2025-04-21T15:54:35.677+05:30  INFO 9492 --- [HEALTHCARE] [restartedMain] o.apache.catalina.core.StandardEngine    : Starting Servlet engine: [Apache Tomcat/10.1.39]
2025-04-21T15:54:35.833+05:30  INFO 9492 --- [HEALTHCARE] [restartedMain] o.a.c.c.C.[Tomcat-1].[localhost].[/]     : Initializing Spring embedded WebApplicationContext
2025-04-21T15:54:35.834+05:30  INFO 9492 --- [HEALTHCARE] [restartedMain] w.s.c.ServletWebServerApplicationContext : Root WebApplicationContext: initialization completed in 1357 ms
2025-04-21T15:54:36.208+05:30  INFO 9492 --- [HEALTHCARE] [restartedMain] o.hibernate.jpa.internal.util.LogHelper  : HHH000204: Processing PersistenceUnitInfo [name: default]
2025-04-21T15:54:36.219+05:30  INFO 9492 --- [HEALTHCARE] [restartedMain] o.h.c.internal.RegionFactoryInitiator    : HHH000026: Second-level cache disabled
2025-04-21T15:54:36.275+05:30  INFO 9492 --- [HEALTHCARE] [restartedMain] o.s.o.j.p.SpringPersistenceUnitInfo      : No LoadTimeWeaver setup: ignoring JPA class transformer
2025-04-21T15:54:36.282+05:30  INFO 9492 --- [HEALTHCARE] [restartedMain] com.zaxxer.hikari.HikariDataSource       : HikariPool-3 - Starting...
2025-04-21T15:54:36.321+05:30  INFO 9492 --- [HEALTHCARE] [restartedMain] com.zaxxer.hikari.pool.HikariPool        : HikariPool-3 - Added connection com.mysql.cj.jdbc.ConnectionImpl@d694f67
2025-04-21T15:54:36.322+05:30  INFO 9492 --- [HEALTHCARE] [restartedMain] com.zaxxer.hikari.HikariDataSource       : HikariPool-3 - Start completed.
2025-04-21T15:54:36.326+05:30  INFO 9492 --- [HEALTHCARE] [restartedMain] org.hibernate.orm.connections.pooling    : HHH10001005: Database info:
	Database JDBC URL [Connecting through datasource 'HikariDataSource (HikariPool-3)']
	Database driver: undefined/unknown
	Database version: 8.0.41
	Autocommit mode: undefined/unknown
	Isolation level: undefined/unknown
	Minimum pool size: undefined/unknown
	Maximum pool size: undefined/unknown
2025-04-21T15:54:36.870+05:30  INFO 9492 --- [HEALTHCARE] [restartedMain] o.h.e.t.j.p.i.JtaPlatformInitiator       : HHH000489: No JTA platform available (set 'hibernate.transaction.jta.platform' to enable JTA platform integration)
2025-04-21T15:54:36.991+05:30  INFO 9492 --- [HEALTHCARE] [restartedMain] j.LocalContainerEntityManagerFactoryBean : Initialized JPA EntityManagerFactory for persistence unit 'default'
2025-04-21T15:54:38.970+05:30  INFO 9492 --- [HEALTHCARE] [restartedMain] r$InitializeUserDetailsManagerConfigurer : Global AuthenticationManager configured with UserDetailsService bean with name myUserDetailsService
2025-04-21T15:54:39.087+05:30  WARN 9492 --- [HEALTHCARE] [restartedMain] JpaBaseConfiguration$JpaWebConfiguration : spring.jpa.open-in-view is enabled by default. Therefore, database queries may be performed during view rendering. Explicitly configure spring.jpa.open-in-view to disable this warning
2025-04-21T15:54:41.235+05:30  INFO 9492 --- [HEALTHCARE] [restartedMain] o.s.b.d.a.OptionalLiveReloadServer       : LiveReload server is running on port 35729
2025-04-21T15:54:41.277+05:30  INFO 9492 --- [HEALTHCARE] [restartedMain] o.s.b.w.embedded.tomcat.TomcatWebServer  : Tomcat started on port 8098 (http) with context path '/'
2025-04-21T15:54:41.287+05:30  INFO 9492 --- [HEALTHCARE] [restartedMain] c.c.healthcare.HealthcareApplication     : Started HealthcareApplication in 6.855 seconds (process running for 1318.695)
2025-04-21T15:54:41.292+05:30  INFO 9492 --- [HEALTHCARE] [restartedMain] .ConditionEvaluationDeltaLoggingListener : Condition evaluation unchanged
2025-04-21T15:57:20.526+05:30  INFO 9492 --- [HEALTHCARE] [File Watcher] rtingClassPathChangeChangedEventListener : Restarting due to 1 class path change (0 additions, 0 deletions, 1 modification)
2025-04-21T15:57:20.528+05:30  INFO 9492 --- [HEALTHCARE] [Thread-7] o.s.b.w.e.tomcat.GracefulShutdown        : Commencing graceful shutdown. Waiting for active requests to complete
2025-04-21T15:57:20.536+05:30  INFO 9492 --- [HEALTHCARE] [tomcat-shutdown] o.s.b.w.e.tomcat.GracefulShutdown        : Graceful shutdown complete
2025-04-21T15:57:20.541+05:30  INFO 9492 --- [HEALTHCARE] [Thread-7] j.LocalContainerEntityManagerFactoryBean : Closing JPA EntityManagerFactory for persistence unit 'default'
2025-04-21T15:57:20.543+05:30  INFO 9492 --- [HEALTHCARE] [Thread-7] com.zaxxer.hikari.HikariDataSource       : HikariPool-3 - Shutdown initiated...
2025-04-21T15:57:20.552+05:30  INFO 9492 --- [HEALTHCARE] [Thread-7] com.zaxxer.hikari.HikariDataSource       : HikariPool-3 - Shutdown completed.
2025-04-21T15:57:20.719+05:30  INFO 9492 --- [HEALTHCARE] [restartedMain] c.c.healthcare.HealthcareApplication     : Starting HealthcareApplication using Java 21.0.4 with PID 9492 (C:\Users\2395708\OneDrive - Cognizant\Documents\HEALTHCAREMANAGEMENT\target\classes started by 2395708 in C:\Users\2395708\OneDrive - Cognizant\Documents\HEALTHCAREMANAGEMENT)
2025-04-21T15:57:20.719+05:30  INFO 9492 --- [HEALTHCARE] [restartedMain] c.c.healthcare.HealthcareApplication     : No active profile set, falling back to 1 default profile: "default"
2025-04-21T15:57:21.092+05:30  INFO 9492 --- [HEALTHCARE] [restartedMain] .s.d.r.c.RepositoryConfigurationDelegate : Bootstrapping Spring Data JPA repositories in DEFAULT mode.
2025-04-21T15:57:21.132+05:30  INFO 9492 --- [HEALTHCARE] [restartedMain] .s.d.r.c.RepositoryConfigurationDelegate : Finished Spring Data repository scanning in 38 ms. Found 6 JPA repository interfaces.
2025-04-21T15:57:21.436+05:30  INFO 9492 --- [HEALTHCARE] [restartedMain] o.s.b.w.embedded.tomcat.TomcatWebServer  : Tomcat initialized with port 8098 (http)
2025-04-21T15:57:21.440+05:30  INFO 9492 --- [HEALTHCARE] [restartedMain] o.apache.catalina.core.StandardService   : Starting service [Tomcat]
2025-04-21T15:57:21.441+05:30  INFO 9492 --- [HEALTHCARE] [restartedMain] o.apache.catalina.core.StandardEngine    : Starting Servlet engine: [Apache Tomcat/10.1.39]
2025-04-21T15:57:21.494+05:30  INFO 9492 --- [HEALTHCARE] [restartedMain] o.a.c.c.C.[Tomcat-1].[localhost].[/]     : Initializing Spring embedded WebApplicationContext
2025-04-21T15:57:21.494+05:30  INFO 9492 --- [HEALTHCARE] [restartedMain] w.s.c.ServletWebServerApplicationContext : Root WebApplicationContext: initialization completed in 769 ms
2025-04-21T15:57:21.729+05:30  INFO 9492 --- [HEALTHCARE] [restartedMain] o.hibernate.jpa.internal.util.LogHelper  : HHH000204: Processing PersistenceUnitInfo [name: default]
2025-04-21T15:57:21.739+05:30  INFO 9492 --- [HEALTHCARE] [restartedMain] o.h.c.internal.RegionFactoryInitiator    : HHH000026: Second-level cache disabled
2025-04-21T15:57:21.776+05:30  INFO 9492 --- [HEALTHCARE] [restartedMain] o.s.o.j.p.SpringPersistenceUnitInfo      : No LoadTimeWeaver setup: ignoring JPA class transformer
2025-04-21T15:57:21.780+05:30  INFO 9492 --- [HEALTHCARE] [restartedMain] com.zaxxer.hikari.HikariDataSource       : HikariPool-4 - Starting...
2025-04-21T15:57:21.819+05:30  INFO 9492 --- [HEALTHCARE] [restartedMain] com.zaxxer.hikari.pool.HikariPool        : HikariPool-4 - Added connection com.mysql.cj.jdbc.ConnectionImpl@5654d83c
2025-04-21T15:57:21.820+05:30  INFO 9492 --- [HEALTHCARE] [restartedMain] com.zaxxer.hikari.HikariDataSource       : HikariPool-4 - Start completed.
2025-04-21T15:57:21.823+05:30  INFO 9492 --- [HEALTHCARE] [restartedMain] org.hibernate.orm.connections.pooling    : HHH10001005: Database info:
	Database JDBC URL [Connecting through datasource 'HikariDataSource (HikariPool-4)']
	Database driver: undefined/unknown
	Database version: 8.0.41
	Autocommit mode: undefined/unknown
	Isolation level: undefined/unknown
	Minimum pool size: undefined/unknown
	Maximum pool size: undefined/unknown
2025-04-21T15:57:22.188+05:30  INFO 9492 --- [HEALTHCARE] [restartedMain] o.h.e.t.j.p.i.JtaPlatformInitiator       : HHH000489: No JTA platform available (set 'hibernate.transaction.jta.platform' to enable JTA platform integration)
2025-04-21T15:57:22.287+05:30  INFO 9492 --- [HEALTHCARE] [restartedMain] j.LocalContainerEntityManagerFactoryBean : Initialized JPA EntityManagerFactory for persistence unit 'default'
2025-04-21T15:57:23.080+05:30  INFO 9492 --- [HEALTHCARE] [restartedMain] r$InitializeUserDetailsManagerConfigurer : Global AuthenticationManager configured with UserDetailsService bean with name myUserDetailsService
2025-04-21T15:57:23.148+05:30  WARN 9492 --- [HEALTHCARE] [restartedMain] JpaBaseConfiguration$JpaWebConfiguration : spring.jpa.open-in-view is enabled by default. Therefore, database queries may be performed during view rendering. Explicitly configure spring.jpa.open-in-view to disable this warning
2025-04-21T15:57:24.188+05:30  INFO 9492 --- [HEALTHCARE] [restartedMain] o.s.b.d.a.OptionalLiveReloadServer       : LiveReload server is running on port 35729
2025-04-21T15:57:24.225+05:30  INFO 9492 --- [HEALTHCARE] [restartedMain] o.s.b.w.embedded.tomcat.TomcatWebServer  : Tomcat started on port 8098 (http) with context path '/'
2025-04-21T15:57:24.232+05:30  INFO 9492 --- [HEALTHCARE] [restartedMain] c.c.healthcare.HealthcareApplication     : Started HealthcareApplication in 3.583 seconds (process running for 1481.639)
2025-04-21T15:57:24.235+05:30  INFO 9492 --- [HEALTHCARE] [restartedMain] .ConditionEvaluationDeltaLoggingListener : Condition evaluation unchanged
2025-04-21T15:58:27.137+05:30  INFO 9492 --- [HEALTHCARE] [http-nio-8098-exec-2] o.a.c.c.C.[Tomcat-1].[localhost].[/]     : Initializing Spring DispatcherServlet 'dispatcherServlet'
2025-04-21T15:58:27.138+05:30  INFO 9492 --- [HEALTHCARE] [http-nio-8098-exec-2] o.s.web.servlet.DispatcherServlet        : Initializing Servlet 'dispatcherServlet'
2025-04-21T15:58:27.142+05:30  INFO 9492 --- [HEALTHCARE] [http-nio-8098-exec-2] o.s.web.servlet.DispatcherServlet        : Completed initialization in 1 ms
2025-04-21T16:01:48.491+05:30  INFO 9492 --- [HEALTHCARE] [http-nio-8098-exec-6] o.apache.coyote.http11.Http11Processor   : Error parsing HTTP request header
 Note: further occurrences of HTTP request parsing errors will be logged at DEBUG level.

java.lang.IllegalArgumentException: Invalid character found in method name [0x160x030x030x010xf40x010x000x010xf00x030x030x890x8er0xabi4l0x050xb340xc0Z:0xa80xc00xa80xc40xdf0xf70xd9+0xdd0xa60xa00x9f0xda^0xe10xb3l0xcf0x940x000x01|0x000x000x000x010x000x020x000x030x000x040x000x050x000x060x000x070x000x080x000x090x000x0a0x000x0b0x000x0c0x000x0d0x000x0e0x000x0f0x000x100x000x110x000x120x000x130x000x140x000x150x000x160x000x170x000x180x000x190x000x1a0x000x1b0x00/0x0000x0010x0020x0030x0040x0050x0060x0070x0080x0090x00:0x00;0x00<0x00=0x00>0x00?0x00@0x00A0x00B0x00C0x00D0x00E0x00F0x00g0x00h0x00i0x00j0x00k0x00l0x00m0x000x840x000x850x000x860x000x870x000x880x000x890x000x960x000x970x000x980x000x990x000x9a0x000x9b0x000x9c0x000x9d0x000x9e0x000x9f0x000xa00x000xa10x000xa20x000xa30x000xa40x000xa50x000xa60x000xa70x000xba0x000xbb0x000xbc0x000xbd0x000xbe0x000xbf0x000xc00x000xc10x000xc20x000xc30x000xc40x000xc50x130x010x130x020x130x030x130x040x130x050xc00x010xc00x020xc00x030xc00x040xc00x050xc00x060xc00x070xc00x080xc00x090xc00x0a0xc00x0b0xc00x0c0xc00x0d0xc00x0e0xc00x0f0xc00x100xc00x110xc00x120xc00x130xc00x140xc00x150xc00x160xc00x170xc00x180xc00x190xc0#0xc0$0xc0%0xc0&0xc0'0xc0(0xc0)0xc0*0xc0+0xc0,0xc0-0xc0.0xc0/0xc000xc010xc020xc0r0xc0s0xc0t0xc0u0xc0v0xc0w0xc0x0xc0y0xc0z0xc0{0xc0|0xc0}0xc0~0xc00x7f0xc00x800xc00x810xc00x820xc00x830xc00x840xc00x850xc00x860xc00x870xc00x880xc00x890xc00x8a0xc00x8b0xc00x8c0xc00x8d0xc00x8e0xc00x8f0xc00x900xc00x910xc00x920xc00x930xc00x940xc00x950xc00x960xc00x970xc00x980xc00x990xc00x9a0xc00x9b0xcc0xa80xcc0xa90xcc0xaa0xcc0xab0xcc0xac0xcc0xad0xcc0xae0x020x000x010x00J0x000x0a0x000x0a0x000x080x000x170x000x190x000x180x000x160x000x0b0x000x040x030x000x010x020x000x0d0x0000x00.0x040x030x050x030x060x030x080x070x080x080x080x1a0x080x1b0x080x1c0x080x090x080x0a0x080x0b0x080x040x080x050x080x060x040x010x050x010x060x010x030x030x030x010x030x020x040x020x050x020x060x02...]. HTTP method names must be tokens
	at org.apache.coyote.http11.Http11InputBuffer.parseRequestLine(Http11InputBuffer.java:409) ~[tomcat-embed-core-10.1.39.jar:10.1.39]
	at org.apache.coyote.http11.Http11Processor.service(Http11Processor.java:270) ~[tomcat-embed-core-10.1.39.jar:10.1.39]
	at org.apache.coyote.AbstractProcessorLight.process(AbstractProcessorLight.java:63) ~[tomcat-embed-core-10.1.39.jar:10.1.39]
	at org.apache.coyote.AbstractProtocol$ConnectionHandler.process(AbstractProtocol.java:905) ~[tomcat-embed-core-10.1.39.jar:10.1.39]
	at org.apache.tomcat.util.net.NioEndpoint$SocketProcessor.doRun(NioEndpoint.java:1743) ~[tomcat-embed-core-10.1.39.jar:10.1.39]
	at org.apache.tomcat.util.net.SocketProcessorBase.run(SocketProcessorBase.java:52) ~[tomcat-embed-core-10.1.39.jar:10.1.39]
	at org.apache.tomcat.util.threads.ThreadPoolExecutor.runWorker(ThreadPoolExecutor.java:1190) ~[tomcat-embed-core-10.1.39.jar:10.1.39]
	at org.apache.tomcat.util.threads.ThreadPoolExecutor$Worker.run(ThreadPoolExecutor.java:659) ~[tomcat-embed-core-10.1.39.jar:10.1.39]
	at org.apache.tomcat.util.threads.TaskThread$WrappingRunnable.run(TaskThread.java:63) ~[tomcat-embed-core-10.1.39.jar:10.1.39]
	at java.base/java.lang.Thread.run(Thread.java:1583) ~[na:na]

2025-04-21T16:37:45.526+05:30  INFO 9492 --- [HEALTHCARE] [File Watcher] rtingClassPathChangeChangedEventListener : Restarting due to 1 class path change (0 additions, 0 deletions, 1 modification)
2025-04-21T16:37:45.538+05:30  INFO 9492 --- [HEALTHCARE] [Thread-14] o.s.b.w.e.tomcat.GracefulShutdown        : Commencing graceful shutdown. Waiting for active requests to complete
2025-04-21T16:37:45.542+05:30  INFO 9492 --- [HEALTHCARE] [tomcat-shutdown] o.s.b.w.e.tomcat.GracefulShutdown        : Graceful shutdown complete
2025-04-21T16:37:45.546+05:30  INFO 9492 --- [HEALTHCARE] [Thread-14] j.LocalContainerEntityManagerFactoryBean : Closing JPA EntityManagerFactory for persistence unit 'default'
2025-04-21T16:37:45.549+05:30  INFO 9492 --- [HEALTHCARE] [Thread-14] com.zaxxer.hikari.HikariDataSource       : HikariPool-4 - Shutdown initiated...
2025-04-21T16:37:45.554+05:30  INFO 9492 --- [HEALTHCARE] [Thread-14] com.zaxxer.hikari.HikariDataSource       : HikariPool-4 - Shutdown completed.
2025-04-21T16:37:45.654+05:30  INFO 9492 --- [HEALTHCARE] [restartedMain] c.c.healthcare.HealthcareApplication     : Starting HealthcareApplication using Java 21.0.4 with PID 9492 (C:\Users\2395708\OneDrive - Cognizant\Documents\HEALTHCAREMANAGEMENT\target\classes started by 2395708 in C:\Users\2395708\OneDrive - Cognizant\Documents\HEALTHCAREMANAGEMENT)
2025-04-21T16:37:45.654+05:30  INFO 9492 --- [HEALTHCARE] [restartedMain] c.c.healthcare.HealthcareApplication     : No active profile set, falling back to 1 default profile: "default"
2025-04-21T16:37:46.976+05:30  INFO 9492 --- [HEALTHCARE] [restartedMain] .s.d.r.c.RepositoryConfigurationDelegate : Bootstrapping Spring Data JPA repositories in DEFAULT mode.
2025-04-21T16:37:47.022+05:30  INFO 9492 --- [HEALTHCARE] [restartedMain] .s.d.r.c.RepositoryConfigurationDelegate : Finished Spring Data repository scanning in 43 ms. Found 6 JPA repository interfaces.
2025-04-21T16:37:47.354+05:30  INFO 9492 --- [HEALTHCARE] [restartedMain] o.s.b.w.embedded.tomcat.TomcatWebServer  : Tomcat initialized with port 8098 (http)
2025-04-21T16:37:47.356+05:30  INFO 9492 --- [HEALTHCARE] [restartedMain] o.apache.catalina.core.StandardService   : Starting service [Tomcat]
2025-04-21T16:37:47.357+05:30  INFO 9492 --- [HEALTHCARE] [restartedMain] o.apache.catalina.core.StandardEngine    : Starting Servlet engine: [Apache Tomcat/10.1.39]
2025-04-21T16:37:47.399+05:30  INFO 9492 --- [HEALTHCARE] [restartedMain] o.a.c.c.C.[Tomcat-1].[localhost].[/]     : Initializing Spring embedded WebApplicationContext
2025-04-21T16:37:47.399+05:30  INFO 9492 --- [HEALTHCARE] [restartedMain] w.s.c.ServletWebServerApplicationContext : Root WebApplicationContext: initialization completed in 1742 ms
2025-04-21T16:37:47.555+05:30  INFO 9492 --- [HEALTHCARE] [restartedMain] o.hibernate.jpa.internal.util.LogHelper  : HHH000204: Processing PersistenceUnitInfo [name: default]
2025-04-21T16:37:47.562+05:30  INFO 9492 --- [HEALTHCARE] [restartedMain] o.h.c.internal.RegionFactoryInitiator    : HHH000026: Second-level cache disabled
2025-04-21T16:37:47.597+05:30  INFO 9492 --- [HEALTHCARE] [restartedMain] o.s.o.j.p.SpringPersistenceUnitInfo      : No LoadTimeWeaver setup: ignoring JPA class transformer
2025-04-21T16:37:47.600+05:30  INFO 9492 --- [HEALTHCARE] [restartedMain] com.zaxxer.hikari.HikariDataSource       : HikariPool-5 - Starting...
2025-04-21T16:37:47.621+05:30  INFO 9492 --- [HEALTHCARE] [restartedMain] com.zaxxer.hikari.pool.HikariPool        : HikariPool-5 - Added connection com.mysql.cj.jdbc.ConnectionImpl@4c168917
2025-04-21T16:37:47.621+05:30  INFO 9492 --- [HEALTHCARE] [restartedMain] com.zaxxer.hikari.HikariDataSource       : HikariPool-5 - Start completed.
2025-04-21T16:37:47.626+05:30  INFO 9492 --- [HEALTHCARE] [restartedMain] org.hibernate.orm.connections.pooling    : HHH10001005: Database info:
	Database JDBC URL [Connecting through datasource 'HikariDataSource (HikariPool-5)']
	Database driver: undefined/unknown
	Database version: 8.0.41
	Autocommit mode: undefined/unknown
	Isolation level: undefined/unknown
	Minimum pool size: undefined/unknown
	Maximum pool size: undefined/unknown
2025-04-21T16:37:47.878+05:30  INFO 9492 --- [HEALTHCARE] [restartedMain] o.h.e.t.j.p.i.JtaPlatformInitiator       : HHH000489: No JTA platform available (set 'hibernate.transaction.jta.platform' to enable JTA platform integration)
2025-04-21T16:37:47.932+05:30  INFO 9492 --- [HEALTHCARE] [restartedMain] j.LocalContainerEntityManagerFactoryBean : Initialized JPA EntityManagerFactory for persistence unit 'default'
2025-04-21T16:37:48.298+05:30  INFO 9492 --- [HEALTHCARE] [restartedMain] r$InitializeUserDetailsManagerConfigurer : Global AuthenticationManager configured with UserDetailsService bean with name myUserDetailsService
2025-04-21T16:37:48.326+05:30  WARN 9492 --- [HEALTHCARE] [restartedMain] JpaBaseConfiguration$JpaWebConfiguration : spring.jpa.open-in-view is enabled by default. Therefore, database queries may be performed during view rendering. Explicitly configure spring.jpa.open-in-view to disable this warning
2025-04-21T16:37:48.885+05:30  INFO 9492 --- [HEALTHCARE] [restartedMain] o.s.b.d.a.OptionalLiveReloadServer       : LiveReload server is running on port 35729
2025-04-21T16:37:48.907+05:30  INFO 9492 --- [HEALTHCARE] [restartedMain] o.s.b.w.embedded.tomcat.TomcatWebServer  : Tomcat started on port 8098 (http) with context path '/'
2025-04-21T16:37:48.911+05:30  INFO 9492 --- [HEALTHCARE] [restartedMain] c.c.healthcare.HealthcareApplication     : Started HealthcareApplication in 3.286 seconds (process running for 3906.32)
2025-04-21T16:37:48.913+05:30  INFO 9492 --- [HEALTHCARE] [restartedMain] .ConditionEvaluationDeltaLoggingListener : Condition evaluation unchanged
2025-04-21T16:38:15.088+05:30  INFO 9492 --- [HEALTHCARE] [File Watcher] rtingClassPathChangeChangedEventListener : Restarting due to 1 class path change (0 additions, 0 deletions, 1 modification)
2025-04-21T16:38:15.089+05:30  INFO 9492 --- [HEALTHCARE] [Thread-19] o.s.b.w.e.tomcat.GracefulShutdown        : Commencing graceful shutdown. Waiting for active requests to complete
2025-04-21T16:38:15.093+05:30  INFO 9492 --- [HEALTHCARE] [tomcat-shutdown] o.s.b.w.e.tomcat.GracefulShutdown        : Graceful shutdown complete
2025-04-21T16:38:15.095+05:30  INFO 9492 --- [HEALTHCARE] [Thread-19] j.LocalContainerEntityManagerFactoryBean : Closing JPA EntityManagerFactory for persistence unit 'default'
2025-04-21T16:38:15.095+05:30  INFO 9492 --- [HEALTHCARE] [Thread-19] com.zaxxer.hikari.HikariDataSource       : HikariPool-5 - Shutdown initiated...
2025-04-21T16:38:15.099+05:30  INFO 9492 --- [HEALTHCARE] [Thread-19] com.zaxxer.hikari.HikariDataSource       : HikariPool-5 - Shutdown completed.
2025-04-21T16:38:15.175+05:30  INFO 9492 --- [HEALTHCARE] [restartedMain] c.c.healthcare.HealthcareApplication     : Starting HealthcareApplication using Java 21.0.4 with PID 9492 (C:\Users\2395708\OneDrive - Cognizant\Documents\HEALTHCAREMANAGEMENT\target\classes started by 2395708 in C:\Users\2395708\OneDrive - Cognizant\Documents\HEALTHCAREMANAGEMENT)
2025-04-21T16:38:15.176+05:30  INFO 9492 --- [HEALTHCARE] [restartedMain] c.c.healthcare.HealthcareApplication     : No active profile set, falling back to 1 default profile: "default"
2025-04-21T16:38:15.318+05:30  INFO 9492 --- [HEALTHCARE] [restartedMain] .s.d.r.c.RepositoryConfigurationDelegate : Bootstrapping Spring Data JPA repositories in DEFAULT mode.
2025-04-21T16:38:15.339+05:30  INFO 9492 --- [HEALTHCARE] [restartedMain] .s.d.r.c.RepositoryConfigurationDelegate : Finished Spring Data repository scanning in 20 ms. Found 6 JPA repository interfaces.
2025-04-21T16:38:15.459+05:30  INFO 9492 --- [HEALTHCARE] [restartedMain] o.s.b.w.embedded.tomcat.TomcatWebServer  : Tomcat initialized with port 8098 (http)
2025-04-21T16:38:15.459+05:30  INFO 9492 --- [HEALTHCARE] [restartedMain] o.apache.catalina.core.StandardService   : Starting service [Tomcat]
2025-04-21T16:38:15.459+05:30  INFO 9492 --- [HEALTHCARE] [restartedMain] o.apache.catalina.core.StandardEngine    : Starting Servlet engine: [Apache Tomcat/10.1.39]
2025-04-21T16:38:15.488+05:30  INFO 9492 --- [HEALTHCARE] [restartedMain] o.a.c.c.C.[Tomcat-1].[localhost].[/]     : Initializing Spring embedded WebApplicationContext
2025-04-21T16:38:15.488+05:30  INFO 9492 --- [HEALTHCARE] [restartedMain] w.s.c.ServletWebServerApplicationContext : Root WebApplicationContext: initialization completed in 311 ms
2025-04-21T16:38:15.566+05:30  INFO 9492 --- [HEALTHCARE] [restartedMain] o.hibernate.jpa.internal.util.LogHelper  : HHH000204: Processing PersistenceUnitInfo [name: default]
2025-04-21T16:38:15.569+05:30  INFO 9492 --- [HEALTHCARE] [restartedMain] o.h.c.internal.RegionFactoryInitiator    : HHH000026: Second-level cache disabled
2025-04-21T16:38:15.578+05:30  INFO 9492 --- [HEALTHCARE] [restartedMain] o.s.o.j.p.SpringPersistenceUnitInfo      : No LoadTimeWeaver setup: ignoring JPA class transformer
2025-04-21T16:38:15.578+05:30  INFO 9492 --- [HEALTHCARE] [restartedMain] com.zaxxer.hikari.HikariDataSource       : HikariPool-6 - Starting...
2025-04-21T16:38:15.589+05:30  INFO 9492 --- [HEALTHCARE] [restartedMain] com.zaxxer.hikari.pool.HikariPool        : HikariPool-6 - Added connection com.mysql.cj.jdbc.ConnectionImpl@333ca891
2025-04-21T16:38:15.589+05:30  INFO 9492 --- [HEALTHCARE] [restartedMain] com.zaxxer.hikari.HikariDataSource       : HikariPool-6 - Start completed.
2025-04-21T16:38:15.591+05:30  INFO 9492 --- [HEALTHCARE] [restartedMain] org.hibernate.orm.connections.pooling    : HHH10001005: Database info:
	Database JDBC URL [Connecting through datasource 'HikariDataSource (HikariPool-6)']
	Database driver: undefined/unknown
	Database version: 8.0.41
	Autocommit mode: undefined/unknown
	Isolation level: undefined/unknown
	Minimum pool size: undefined/unknown
	Maximum pool size: undefined/unknown
2025-04-21T16:38:15.720+05:30  INFO 9492 --- [HEALTHCARE] [restartedMain] o.h.e.t.j.p.i.JtaPlatformInitiator       : HHH000489: No JTA platform available (set 'hibernate.transaction.jta.platform' to enable JTA platform integration)
2025-04-21T16:38:15.761+05:30  INFO 9492 --- [HEALTHCARE] [restartedMain] j.LocalContainerEntityManagerFactoryBean : Initialized JPA EntityManagerFactory for persistence unit 'default'
2025-04-21T16:38:16.013+05:30  INFO 9492 --- [HEALTHCARE] [restartedMain] r$InitializeUserDetailsManagerConfigurer : Global AuthenticationManager configured with UserDetailsService bean with name myUserDetailsService
2025-04-21T16:38:16.029+05:30  WARN 9492 --- [HEALTHCARE] [restartedMain] JpaBaseConfiguration$JpaWebConfiguration : spring.jpa.open-in-view is enabled by default. Therefore, database queries may be performed during view rendering. Explicitly configure spring.jpa.open-in-view to disable this warning
2025-04-21T16:38:16.424+05:30  INFO 9492 --- [HEALTHCARE] [restartedMain] o.s.b.d.a.OptionalLiveReloadServer       : LiveReload server is running on port 35729
2025-04-21T16:38:16.440+05:30  INFO 9492 --- [HEALTHCARE] [restartedMain] o.s.b.w.embedded.tomcat.TomcatWebServer  : Tomcat started on port 8098 (http) with context path '/'
2025-04-21T16:38:16.444+05:30  INFO 9492 --- [HEALTHCARE] [restartedMain] c.c.healthcare.HealthcareApplication     : Started HealthcareApplication in 1.289 seconds (process running for 3933.851)
2025-04-21T16:38:16.445+05:30  INFO 9492 --- [HEALTHCARE] [restartedMain] .ConditionEvaluationDeltaLoggingListener : Condition evaluation unchanged
2025-04-21T16:39:49.559+05:30  INFO 9492 --- [HEALTHCARE] [http-nio-8098-exec-2] o.a.c.c.C.[Tomcat-1].[localhost].[/]     : Initializing Spring DispatcherServlet 'dispatcherServlet'
2025-04-21T16:39:49.559+05:30  INFO 9492 --- [HEALTHCARE] [http-nio-8098-exec-2] o.s.web.servlet.DispatcherServlet        : Initializing Servlet 'dispatcherServlet'
2025-04-21T16:39:49.560+05:30  INFO 9492 --- [HEALTHCARE] [http-nio-8098-exec-2] o.s.web.servlet.DispatcherServlet        : Completed initialization in 1 ms
2025-04-21T16:50:55.225+05:30 ERROR 9492 --- [HEALTHCARE] [http-nio-8098-exec-9] c.c.h.loggers.ErrorLoggingAspect         : Exception in PatientController.getPatientByID() with message = 'Patient with ID 20 not found', cause = 'NULL'
2025-04-21T16:50:55.231+05:30  WARN 9492 --- [HEALTHCARE] [http-nio-8098-exec-9] .m.m.a.ExceptionHandlerExceptionResolver : Resolved [com.cognizant.healthcare.exception.ResourceNotFoundException: Patient with ID 20 not found]
2025-04-21T17:12:03.079+05:30  INFO 9436 --- [HEALTHCARE] [restartedMain] c.c.healthcare.HealthcareApplication     : Starting HealthcareApplication using Java 21.0.4 with PID 9436 (C:\Users\2395708\OneDrive - Cognizant\Documents\HEALTHCAREMANAGEMENT\target\classes started by 2395708 in C:\Users\2395708\OneDrive - Cognizant\Documents\HEALTHCAREMANAGEMENT)
2025-04-21T17:12:03.082+05:30  INFO 9436 --- [HEALTHCARE] [restartedMain] c.c.healthcare.HealthcareApplication     : No active profile set, falling back to 1 default profile: "default"
2025-04-21T17:12:03.128+05:30  INFO 9436 --- [HEALTHCARE] [restartedMain] .e.DevToolsPropertyDefaultsPostProcessor : Devtools property defaults active! Set 'spring.devtools.add-properties' to 'false' to disable
2025-04-21T17:12:03.128+05:30  INFO 9436 --- [HEALTHCARE] [restartedMain] .e.DevToolsPropertyDefaultsPostProcessor : For additional web related logging consider setting the 'logging.level.web' property to 'DEBUG'
2025-04-21T17:12:04.170+05:30  INFO 9436 --- [HEALTHCARE] [restartedMain] .s.d.r.c.RepositoryConfigurationDelegate : Bootstrapping Spring Data JPA repositories in DEFAULT mode.
2025-04-21T17:12:04.239+05:30  INFO 9436 --- [HEALTHCARE] [restartedMain] .s.d.r.c.RepositoryConfigurationDelegate : Finished Spring Data repository scanning in 60 ms. Found 6 JPA repository interfaces.
2025-04-21T17:12:05.147+05:30  INFO 9436 --- [HEALTHCARE] [restartedMain] o.s.b.w.embedded.tomcat.TomcatWebServer  : Tomcat initialized with port 8098 (http)
2025-04-21T17:12:05.164+05:30  INFO 9436 --- [HEALTHCARE] [restartedMain] o.apache.catalina.core.StandardService   : Starting service [Tomcat]
2025-04-21T17:12:05.165+05:30  INFO 9436 --- [HEALTHCARE] [restartedMain] o.apache.catalina.core.StandardEngine    : Starting Servlet engine: [Apache Tomcat/10.1.39]
2025-04-21T17:12:05.233+05:30  INFO 9436 --- [HEALTHCARE] [restartedMain] o.a.c.c.C.[Tomcat].[localhost].[/]       : Initializing Spring embedded WebApplicationContext
2025-04-21T17:12:05.233+05:30  INFO 9436 --- [HEALTHCARE] [restartedMain] w.s.c.ServletWebServerApplicationContext : Root WebApplicationContext: initialization completed in 2105 ms
2025-04-21T17:12:05.422+05:30  INFO 9436 --- [HEALTHCARE] [restartedMain] o.hibernate.jpa.internal.util.LogHelper  : HHH000204: Processing PersistenceUnitInfo [name: default]
2025-04-21T17:12:05.525+05:30  INFO 9436 --- [HEALTHCARE] [restartedMain] org.hibernate.Version                    : HHH000412: Hibernate ORM core version 6.6.11.Final
2025-04-21T17:12:05.570+05:30  INFO 9436 --- [HEALTHCARE] [restartedMain] o.h.c.internal.RegionFactoryInitiator    : HHH000026: Second-level cache disabled
2025-04-21T17:12:05.920+05:30  INFO 9436 --- [HEALTHCARE] [restartedMain] o.s.o.j.p.SpringPersistenceUnitInfo      : No LoadTimeWeaver setup: ignoring JPA class transformer
2025-04-21T17:12:05.959+05:30  INFO 9436 --- [HEALTHCARE] [restartedMain] com.zaxxer.hikari.HikariDataSource       : HikariPool-1 - Starting...
2025-04-21T17:12:06.345+05:30  INFO 9436 --- [HEALTHCARE] [restartedMain] com.zaxxer.hikari.pool.HikariPool        : HikariPool-1 - Added connection com.mysql.cj.jdbc.ConnectionImpl@6f944d73
2025-04-21T17:12:06.347+05:30  INFO 9436 --- [HEALTHCARE] [restartedMain] com.zaxxer.hikari.HikariDataSource       : HikariPool-1 - Start completed.
2025-04-21T17:12:06.498+05:30  INFO 9436 --- [HEALTHCARE] [restartedMain] org.hibernate.orm.connections.pooling    : HHH10001005: Database info:
	Database JDBC URL [Connecting through datasource 'HikariDataSource (HikariPool-1)']
	Database driver: undefined/unknown
	Database version: 8.0.41
	Autocommit mode: undefined/unknown
	Isolation level: undefined/unknown
	Minimum pool size: undefined/unknown
	Maximum pool size: undefined/unknown
2025-04-21T17:12:07.877+05:30  INFO 9436 --- [HEALTHCARE] [restartedMain] o.h.e.t.j.p.i.JtaPlatformInitiator       : HHH000489: No JTA platform available (set 'hibernate.transaction.jta.platform' to enable JTA platform integration)
2025-04-21T17:12:08.002+05:30  INFO 9436 --- [HEALTHCARE] [restartedMain] j.LocalContainerEntityManagerFactoryBean : Initialized JPA EntityManagerFactory for persistence unit 'default'
2025-04-21T17:12:08.831+05:30  INFO 9436 --- [HEALTHCARE] [restartedMain] r$InitializeUserDetailsManagerConfigurer : Global AuthenticationManager configured with UserDetailsService bean with name myUserDetailsService
2025-04-21T17:12:08.892+05:30  WARN 9436 --- [HEALTHCARE] [restartedMain] JpaBaseConfiguration$JpaWebConfiguration : spring.jpa.open-in-view is enabled by default. Therefore, database queries may be performed during view rendering. Explicitly configure spring.jpa.open-in-view to disable this warning
2025-04-21T17:12:09.700+05:30  WARN 9436 --- [HEALTHCARE] [restartedMain] o.s.b.d.a.OptionalLiveReloadServer       : Unable to start LiveReload server
2025-04-21T17:12:09.725+05:30  WARN 9436 --- [HEALTHCARE] [restartedMain] ConfigServletWebServerApplicationContext : Exception encountered during context initialization - cancelling refresh attempt: org.springframework.context.ApplicationContextException: Failed to start bean 'webServerStartStop'
2025-04-21T17:12:09.727+05:30  INFO 9436 --- [HEALTHCARE] [restartedMain] j.LocalContainerEntityManagerFactoryBean : Closing JPA EntityManagerFactory for persistence unit 'default'
2025-04-21T17:12:09.731+05:30  INFO 9436 --- [HEALTHCARE] [restartedMain] com.zaxxer.hikari.HikariDataSource       : HikariPool-1 - Shutdown initiated...
2025-04-21T17:12:09.737+05:30  INFO 9436 --- [HEALTHCARE] [restartedMain] com.zaxxer.hikari.HikariDataSource       : HikariPool-1 - Shutdown completed.
2025-04-21T17:12:09.747+05:30  INFO 9436 --- [HEALTHCARE] [restartedMain] .s.b.a.l.ConditionEvaluationReportLogger : 

Error starting ApplicationContext. To display the condition evaluation report re-run your application with 'debug' enabled.
2025-04-21T17:12:09.764+05:30 ERROR 9436 --- [HEALTHCARE] [restartedMain] o.s.b.d.LoggingFailureAnalysisReporter   : 

***************************
APPLICATION FAILED TO START
***************************

Description:

Web server failed to start. Port 8098 was already in use.

Action:

Identify and stop the process that's listening on port 8098 or configure this application to listen on another port.

2025-04-21T17:12:19.219+05:30  INFO 9492 --- [HEALTHCARE] [RMI TCP Connection(106)-127.0.0.1] inMXBeanRegistrar$SpringApplicationAdmin : Application shutdown requested.
2025-04-21T17:12:19.221+05:30  INFO 9492 --- [HEALTHCARE] [RMI TCP Connection(106)-127.0.0.1] o.s.b.w.e.tomcat.GracefulShutdown        : Commencing graceful shutdown. Waiting for active requests to complete
2025-04-21T17:12:19.224+05:30  INFO 9492 --- [HEALTHCARE] [tomcat-shutdown] o.s.b.w.e.tomcat.GracefulShutdown        : Graceful shutdown complete
2025-04-21T17:12:19.227+05:30  INFO 9492 --- [HEALTHCARE] [RMI TCP Connection(106)-127.0.0.1] j.LocalContainerEntityManagerFactoryBean : Closing JPA EntityManagerFactory for persistence unit 'default'
2025-04-21T17:12:19.227+05:30  INFO 9492 --- [HEALTHCARE] [RMI TCP Connection(106)-127.0.0.1] com.zaxxer.hikari.HikariDataSource       : HikariPool-6 - Shutdown initiated...
2025-04-21T17:12:19.232+05:30  INFO 9492 --- [HEALTHCARE] [RMI TCP Connection(106)-127.0.0.1] com.zaxxer.hikari.HikariDataSource       : HikariPool-6 - Shutdown completed.
2025-04-21T17:12:30.751+05:30  INFO 25276 --- [HEALTHCARE] [restartedMain] c.c.healthcare.HealthcareApplication     : Starting HealthcareApplication using Java 21.0.4 with PID 25276 (C:\Users\2395708\OneDrive - Cognizant\Documents\HEALTHCAREMANAGEMENT\target\classes started by 2395708 in C:\Users\2395708\OneDrive - Cognizant\Documents\HEALTHCAREMANAGEMENT)
2025-04-21T17:12:30.754+05:30  INFO 25276 --- [HEALTHCARE] [restartedMain] c.c.healthcare.HealthcareApplication     : No active profile set, falling back to 1 default profile: "default"
2025-04-21T17:12:30.818+05:30  INFO 25276 --- [HEALTHCARE] [restartedMain] .e.DevToolsPropertyDefaultsPostProcessor : Devtools property defaults active! Set 'spring.devtools.add-properties' to 'false' to disable
2025-04-21T17:12:30.818+05:30  INFO 25276 --- [HEALTHCARE] [restartedMain] .e.DevToolsPropertyDefaultsPostProcessor : For additional web related logging consider setting the 'logging.level.web' property to 'DEBUG'
2025-04-21T17:12:31.429+05:30  INFO 25276 --- [HEALTHCARE] [restartedMain] .s.d.r.c.RepositoryConfigurationDelegate : Bootstrapping Spring Data JPA repositories in DEFAULT mode.
2025-04-21T17:12:31.496+05:30  INFO 25276 --- [HEALTHCARE] [restartedMain] .s.d.r.c.RepositoryConfigurationDelegate : Finished Spring Data repository scanning in 58 ms. Found 6 JPA repository interfaces.
2025-04-21T17:12:32.196+05:30  INFO 25276 --- [HEALTHCARE] [restartedMain] o.s.b.w.embedded.tomcat.TomcatWebServer  : Tomcat initialized with port 8098 (http)
2025-04-21T17:12:32.208+05:30  INFO 25276 --- [HEALTHCARE] [restartedMain] o.apache.catalina.core.StandardService   : Starting service [Tomcat]
2025-04-21T17:12:32.208+05:30  INFO 25276 --- [HEALTHCARE] [restartedMain] o.apache.catalina.core.StandardEngine    : Starting Servlet engine: [Apache Tomcat/10.1.39]
2025-04-21T17:12:32.253+05:30  INFO 25276 --- [HEALTHCARE] [restartedMain] o.a.c.c.C.[Tomcat].[localhost].[/]       : Initializing Spring embedded WebApplicationContext
2025-04-21T17:12:32.253+05:30  INFO 25276 --- [HEALTHCARE] [restartedMain] w.s.c.ServletWebServerApplicationContext : Root WebApplicationContext: initialization completed in 1434 ms
2025-04-21T17:12:32.389+05:30  INFO 25276 --- [HEALTHCARE] [restartedMain] o.hibernate.jpa.internal.util.LogHelper  : HHH000204: Processing PersistenceUnitInfo [name: default]
2025-04-21T17:12:32.432+05:30  INFO 25276 --- [HEALTHCARE] [restartedMain] org.hibernate.Version                    : HHH000412: Hibernate ORM core version 6.6.11.Final
2025-04-21T17:12:32.459+05:30  INFO 25276 --- [HEALTHCARE] [restartedMain] o.h.c.internal.RegionFactoryInitiator    : HHH000026: Second-level cache disabled
2025-04-21T17:12:32.674+05:30  INFO 25276 --- [HEALTHCARE] [restartedMain] o.s.o.j.p.SpringPersistenceUnitInfo      : No LoadTimeWeaver setup: ignoring JPA class transformer
2025-04-21T17:12:32.705+05:30  INFO 25276 --- [HEALTHCARE] [restartedMain] com.zaxxer.hikari.HikariDataSource       : HikariPool-1 - Starting...
2025-04-21T17:12:32.986+05:30  INFO 25276 --- [HEALTHCARE] [restartedMain] com.zaxxer.hikari.pool.HikariPool        : HikariPool-1 - Added connection com.mysql.cj.jdbc.ConnectionImpl@43e130b3
2025-04-21T17:12:32.988+05:30  INFO 25276 --- [HEALTHCARE] [restartedMain] com.zaxxer.hikari.HikariDataSource       : HikariPool-1 - Start completed.
2025-04-21T17:12:33.067+05:30  INFO 25276 --- [HEALTHCARE] [restartedMain] org.hibernate.orm.connections.pooling    : HHH10001005: Database info:
	Database JDBC URL [Connecting through datasource 'HikariDataSource (HikariPool-1)']
	Database driver: undefined/unknown
	Database version: 8.0.41
	Autocommit mode: undefined/unknown
	Isolation level: undefined/unknown
	Minimum pool size: undefined/unknown
	Maximum pool size: undefined/unknown
2025-04-21T17:12:33.978+05:30  INFO 25276 --- [HEALTHCARE] [restartedMain] o.h.e.t.j.p.i.JtaPlatformInitiator       : HHH000489: No JTA platform available (set 'hibernate.transaction.jta.platform' to enable JTA platform integration)
2025-04-21T17:12:34.060+05:30  INFO 25276 --- [HEALTHCARE] [restartedMain] j.LocalContainerEntityManagerFactoryBean : Initialized JPA EntityManagerFactory for persistence unit 'default'
2025-04-21T17:12:34.585+05:30  INFO 25276 --- [HEALTHCARE] [restartedMain] r$InitializeUserDetailsManagerConfigurer : Global AuthenticationManager configured with UserDetailsService bean with name myUserDetailsService
2025-04-21T17:12:34.626+05:30  WARN 25276 --- [HEALTHCARE] [restartedMain] JpaBaseConfiguration$JpaWebConfiguration : spring.jpa.open-in-view is enabled by default. Therefore, database queries may be performed during view rendering. Explicitly configure spring.jpa.open-in-view to disable this warning
2025-04-21T17:12:35.245+05:30  INFO 25276 --- [HEALTHCARE] [restartedMain] o.s.b.d.a.OptionalLiveReloadServer       : LiveReload server is running on port 35729
2025-04-21T17:12:35.281+05:30  INFO 25276 --- [HEALTHCARE] [restartedMain] o.s.b.w.embedded.tomcat.TomcatWebServer  : Tomcat started on port 8098 (http) with context path '/'
2025-04-21T17:12:35.286+05:30  INFO 25276 --- [HEALTHCARE] [restartedMain] c.c.healthcare.HealthcareApplication     : Started HealthcareApplication in 4.938 seconds (process running for 5.644)
2025-04-21T17:13:20.074+05:30  INFO 25276 --- [HEALTHCARE] [http-nio-8098-exec-4] o.a.c.c.C.[Tomcat].[localhost].[/]       : Initializing Spring DispatcherServlet 'dispatcherServlet'
2025-04-21T17:13:20.074+05:30  INFO 25276 --- [HEALTHCARE] [http-nio-8098-exec-4] o.s.web.servlet.DispatcherServlet        : Initializing Servlet 'dispatcherServlet'
2025-04-21T17:13:20.075+05:30  INFO 25276 --- [HEALTHCARE] [http-nio-8098-exec-4] o.s.web.servlet.DispatcherServlet        : Completed initialization in 1 ms
2025-04-21T17:16:43.103+05:30 ERROR 25276 --- [HEALTHCARE] [http-nio-8098-exec-8] c.c.h.loggers.ErrorLoggingAspect         : Exception in DoctorController.getDoctorByID() with message = 'Doctor with ID 19 not found', cause = 'NULL'
2025-04-21T17:16:43.119+05:30  WARN 25276 --- [HEALTHCARE] [http-nio-8098-exec-8] .m.m.a.ExceptionHandlerExceptionResolver : Resolved [com.cognizant.healthcare.exception.ResourceNotFoundException: Doctor with ID 19 not found]
2025-04-21T17:22:41.493+05:30  WARN 25276 --- [HEALTHCARE] [http-nio-8098-exec-3] .m.m.a.ExceptionHandlerExceptionResolver : Resolved [org.springframework.web.bind.MethodArgumentNotValidException: Validation failed for argument [1] in public org.springframework.http.ResponseEntity<com.cognizant.healthcare.DTO.ConsultationDTO> com.cognizant.healthcare.controller.DoctorController.createConsultation(java.lang.Long,com.cognizant.healthcare.DTO.ConsultationDTO): [Field error in object 'consultationDTO' on field 'consultationDate': rejected value [2025-04-21T11:00]; codes [FutureOrPresent.consultationDTO.consultationDate,FutureOrPresent.consultationDate,FutureOrPresent.java.time.LocalDateTime,FutureOrPresent]; arguments [org.springframework.context.support.DefaultMessageSourceResolvable: codes [consultationDTO.consultationDate,consultationDate]; arguments []; default message [consultationDate]]; default message [Consultation date must be in the present or future]] ]
2025-04-21T17:24:06.501+05:30  WARN 25276 --- [HEALTHCARE] [http-nio-8098-exec-9] .m.m.a.ExceptionHandlerExceptionResolver : Resolved [org.springframework.web.servlet.resource.NoResourceFoundException: No static resource patients/17/consultations/details.]
2025-04-21T18:10:43.189+05:30  WARN 25276 --- [HEALTHCARE] [HikariPool-1 housekeeper] com.zaxxer.hikari.pool.HikariPool        : HikariPool-1 - Thread starvation or clock leap detected (housekeeper delta=8m8s426ms365µs).
2025-04-21T20:24:50.290+05:30  WARN 25276 --- [HEALTHCARE] [HikariPool-1 housekeeper] com.zaxxer.hikari.pool.HikariPool        : HikariPool-1 - Thread starvation or clock leap detected (housekeeper delta=1h49m6s755ms549µs300ns).
2025-04-21T21:27:59.456+05:30  WARN 25276 --- [HEALTHCARE] [HikariPool-1 housekeeper] com.zaxxer.hikari.pool.HikariPool        : HikariPool-1 - Thread starvation or clock leap detected (housekeeper delta=1h3m12s934ms847µs800ns).
2025-04-21T21:29:34.318+05:30  INFO 25276 --- [HEALTHCARE] [RMI TCP Connection(80)-127.0.0.1] inMXBeanRegistrar$SpringApplicationAdmin : Application shutdown requested.
2025-04-21T21:29:34.337+05:30  INFO 25276 --- [HEALTHCARE] [RMI TCP Connection(80)-127.0.0.1] o.s.b.w.e.tomcat.GracefulShutdown        : Commencing graceful shutdown. Waiting for active requests to complete
2025-04-21T21:29:34.352+05:30  INFO 25276 --- [HEALTHCARE] [tomcat-shutdown] o.s.b.w.e.tomcat.GracefulShutdown        : Graceful shutdown complete
2025-04-21T21:29:34.372+05:30  INFO 25276 --- [HEALTHCARE] [RMI TCP Connection(80)-127.0.0.1] j.LocalContainerEntityManagerFactoryBean : Closing JPA EntityManagerFactory for persistence unit 'default'
2025-04-21T21:29:34.389+05:30  INFO 25276 --- [HEALTHCARE] [RMI TCP Connection(80)-127.0.0.1] com.zaxxer.hikari.HikariDataSource       : HikariPool-1 - Shutdown initiated...
2025-04-21T21:29:34.407+05:30  INFO 25276 --- [HEALTHCARE] [RMI TCP Connection(80)-127.0.0.1] com.zaxxer.hikari.HikariDataSource       : HikariPool-1 - Shutdown completed.
